{"meta": {"format": 3, "version": "7.13.5", "timestamp": "2026-05-07T14:52:10.714316", "branch_coverage": false, "show_contexts": false}, "files": {"__init__.py": {"executed_lines": [6, 7, 8], "summary": {"covered_lines": 3, "num_statements": 3, "percent_covered": 100.0, "percent_covered_display": "100", "missing_lines": 0, "excluded_lines": 0, "percent_statements_covered": 100.0, "percent_statements_covered_display": "100"}, "missing_lines": [], "excluded_lines": [], "functions": {"": {"executed_lines": [6, 7, 8], "summary": {"covered_lines": 3, "num_statements": 3, "percent_covered": 100.0, "percent_covered_display": "100", "missing_lines": 0, "excluded_lines": 0, "percent_statements_covered": 100.0, "percent_statements_covered_display": "100"}, "missing_lines": [], "excluded_lines": [], "start_line": 1}}, "classes": {"": {"executed_lines": [6, 7, 8], "summary": {"covered_lines": 3, "num_statements": 3, "percent_covered": 100.0, "percent_covered_display": "100", "missing_lines": 0, "excluded_lines": 0, "percent_statements_covered": 100.0, "percent_statements_covered_display": "100"}, "missing_lines": [], "excluded_lines": [], "start_line": 1}}}, "conftest.py": {"executed_lines": [8, 9, 10, 11, 12, 13, 15, 18, 20, 24, 25, 39, 42, 43, 44, 52, 96, 204, 381, 480, 585, 586, 592, 593, 594, 595, 598, 603, 608, 613, 618, 619, 628, 631, 632, 634, 637, 638, 640, 643, 644, 651, 659, 660, 662, 665, 666, 738, 741, 747, 794, 803, 819, 851, 856, 870, 888, 889, 894, 895, 897, 898, 900, 901, 902, 903, 904, 906, 910, 912, 914, 918, 919], "summary": {"covered_lines": 73, "num_statements": 225, "percent_covered": 32.44444444444444, "percent_covered_display": "32", "missing_lines": 152, "excluded_lines": 0, "percent_statements_covered": 32.44444444444444, "percent_statements_covered_display": "32"}, "missing_lines": [26, 27, 28, 29, 30, 31, 32, 33, 34, 35, 36, 671, 672, 674, 676, 679, 681, 683, 685, 687, 689, 691, 693, 695, 697, 699, 701, 703, 705, 707, 709, 711, 713, 715, 717, 719, 721, 723, 725, 727, 729, 731, 733, 735, 742, 743, 744, 745, 749, 750, 752, 754, 756, 757, 758, 759, 760, 762, 763, 764, 765, 766, 768, 769, 770, 771, 772, 773, 774, 776, 777, 778, 779, 780, 781, 782, 783, 784, 785, 786, 787, 788, 789, 791, 792, 796, 797, 798, 799, 800, 801, 805, 806, 808, 809, 810, 811, 812, 814, 815, 817, 821, 822, 823, 825, 826, 827, 828, 829, 830, 831, 832, 833, 834, 835, 837, 838, 839, 840, 841, 842, 843, 844, 845, 846, 847, 849, 853, 854, 858, 860, 861, 862, 863, 865, 866, 868, 872, 873, 874, 875, 876, 878, 879, 881, 882, 883, 885, 891, 907, 908, 916], "excluded_lines": [], "functions": {"load_env": {"executed_lines": [20, 24, 25], "summary": {"covered_lines": 3, "num_statements": 14, "percent_covered": 21.428571428571427, "percent_covered_display": "21", "missing_lines": 11, "excluded_lines": 0, "percent_statements_covered": 21.428571428571427, "percent_statements_covered_display": "21"}, "missing_lines": [26, 27, 28, 29, 30, 31, 32, 33, 34, 35, 36], "excluded_lines": [], "start_line": 18}, "config_path": {"executed_lines": [592, 593, 594, 595, 598, 603, 608, 613, 618, 619, 628], "summary": {"covered_lines": 11, "num_statements": 11, "percent_covered": 100.0, "percent_covered_display": "100", "missing_lines": 0, "excluded_lines": 0, "percent_statements_covered": 100.0, "percent_statements_covered_display": "100"}, "missing_lines": [], "excluded_lines": [], "start_line": 586}, "ha_url": {"executed_lines": [634], "summary": {"covered_lines": 1, "num_statements": 1, "percent_covered": 100.0, "percent_covered_display": "100", "missing_lines": 0, "excluded_lines": 0, "percent_statements_covered": 100.0, "percent_statements_covered_display": "100"}, "missing_lines": [], "excluded_lines": [], "start_line": 632}, "ha_token": {"executed_lines": [640], "summary": {"covered_lines": 1, "num_statements": 1, "percent_covered": 100.0, "percent_covered_display": "100", "missing_lines": 0, "excluded_lines": 0, "percent_statements_covered": 100.0, "percent_statements_covered_display": "100"}, "missing_lines": [], "excluded_lines": [], "start_line": 638}, "mock_registry_data": {"executed_lines": [651], "summary": {"covered_lines": 1, "num_statements": 1, "percent_covered": 100.0, "percent_covered_display": "100", "missing_lines": 0, "excluded_lines": 0, "percent_statements_covered": 100.0, "percent_statements_covered_display": "100"}, "missing_lines": [], "excluded_lines": [], "start_line": 644}, "sample_states": {"executed_lines": [662], "summary": {"covered_lines": 1, "num_statements": 1, "percent_covered": 100.0, "percent_covered_display": "100", "missing_lines": 0, "excluded_lines": 0, "percent_statements_covered": 100.0, "percent_statements_covered_display": "100"}, "missing_lines": [], "excluded_lines": [], "start_line": 660}, "real_mcp": {"executed_lines": [], "summary": {"covered_lines": 0, "num_statements": 33, "percent_covered": 0.0, "percent_covered_display": "0", "missing_lines": 33, "excluded_lines": 0, "percent_statements_covered": 0.0, "percent_statements_covered_display": "0"}, "missing_lines": [671, 672, 674, 676, 679, 681, 683, 685, 687, 689, 691, 693, 695, 697, 699, 701, 703, 705, 707, 709, 711, 713, 715, 717, 719, 721, 723, 725, 727, 729, 731, 733, 735], "excluded_lines": [], "start_line": 666}, "MCPWrapper.__init__": {"executed_lines": [], "summary": {"covered_lines": 0, "num_statements": 4, "percent_covered": 0.0, "percent_covered_display": "0", "missing_lines": 4, "excluded_lines": 0, "percent_statements_covered": 0.0, "percent_statements_covered_display": "0"}, "missing_lines": [742, 743, 744, 745], "excluded_lines": [], "start_line": 741}, "MCPWrapper._discover_tools": {"executed_lines": [], "summary": {"covered_lines": 0, "num_statements": 37, "percent_covered": 0.0, "percent_covered_display": "0", "missing_lines": 37, "excluded_lines": 0, "percent_statements_covered": 0.0, "percent_statements_covered_display": "0"}, "missing_lines": [749, 750, 752, 754, 756, 757, 758, 759, 760, 762, 763, 764, 765, 766, 768, 769, 770, 771, 772, 773, 774, 776, 777, 778, 779, 780, 781, 782, 783, 784, 785, 786, 787, 788, 789, 791, 792], "excluded_lines": [], "start_line": 747}, "MCPWrapper._get_tool_name": {"executed_lines": [], "summary": {"covered_lines": 0, "num_statements": 6, "percent_covered": 0.0, "percent_covered_display": "0", "missing_lines": 6, "excluded_lines": 0, "percent_statements_covered": 0.0, "percent_statements_covered_display": "0"}, "missing_lines": [796, 797, 798, 799, 800, 801], "excluded_lines": [], "start_line": 794}, "MCPWrapper._unwrap_tool": {"executed_lines": [], "summary": {"covered_lines": 0, "num_statements": 10, "percent_covered": 0.0, "percent_covered_display": "0", "missing_lines": 10, "excluded_lines": 0, "percent_statements_covered": 0.0, "percent_statements_covered_display": "0"}, "missing_lines": [805, 806, 808, 809, 810, 811, 812, 814, 815, 817], "excluded_lines": [], "start_line": 803}, "MCPWrapper._get_tool_function": {"executed_lines": [], "summary": {"covered_lines": 0, "num_statements": 26, "percent_covered": 0.0, "percent_covered_display": "0", "missing_lines": 26, "excluded_lines": 0, "percent_statements_covered": 0.0, "percent_statements_covered_display": "0"}, "missing_lines": [821, 822, 823, 825, 826, 827, 828, 829, 830, 831, 832, 833, 834, 835, 837, 838, 839, 840, 841, 842, 843, 844, 845, 846, 847, 849], "excluded_lines": [], "start_line": 819}, "MCPWrapper._list_available_tools": {"executed_lines": [], "summary": {"covered_lines": 0, "num_statements": 2, "percent_covered": 0.0, "percent_covered_display": "0", "missing_lines": 2, "excluded_lines": 0, "percent_statements_covered": 0.0, "percent_statements_covered_display": "0"}, "missing_lines": [853, 854], "excluded_lines": [], "start_line": 851}, "MCPWrapper.call_tool": {"executed_lines": [], "summary": {"covered_lines": 0, "num_statements": 8, "percent_covered": 0.0, "percent_covered_display": "0", "missing_lines": 8, "excluded_lines": 0, "percent_statements_covered": 0.0, "percent_statements_covered_display": "0"}, "missing_lines": [858, 860, 861, 862, 863, 865, 866, 868], "excluded_lines": [], "start_line": 856}, "MCPWrapper._run_async": {"executed_lines": [], "summary": {"covered_lines": 0, "num_statements": 11, "percent_covered": 0.0, "percent_covered_display": "0", "missing_lines": 11, "excluded_lines": 0, "percent_statements_covered": 0.0, "percent_statements_covered_display": "0"}, "missing_lines": [872, 873, 874, 875, 876, 878, 879, 881, 882, 883, 885], "excluded_lines": [], "start_line": 870}, "mcp_client": {"executed_lines": [], "summary": {"covered_lines": 0, "num_statements": 1, "percent_covered": 0.0, "percent_covered_display": "0", "missing_lines": 1, "excluded_lines": 0, "percent_statements_covered": 0.0, "percent_statements_covered_display": "0"}, "missing_lines": [891], "excluded_lines": [], "start_line": 889}, "mock_mcp": {"executed_lines": [897, 898, 900, 912, 914, 918, 919], "summary": {"covered_lines": 7, "num_statements": 7, "percent_covered": 100.0, "percent_covered_display": "100", "missing_lines": 0, "excluded_lines": 0, "percent_statements_covered": 100.0, "percent_statements_covered_display": "100"}, "missing_lines": [], "excluded_lines": [], "start_line": 895}, "mock_mcp.tool_decorator": {"executed_lines": [901, 906, 910], "summary": {"covered_lines": 3, "num_statements": 5, "percent_covered": 60.0, "percent_covered_display": "60", "missing_lines": 2, "excluded_lines": 0, "percent_statements_covered": 60.0, "percent_statements_covered_display": "60"}, "missing_lines": [907, 908], "excluded_lines": [], "start_line": 900}, "mock_mcp.tool_decorator.wrapper": {"executed_lines": [902, 903, 904], "summary": {"covered_lines": 3, "num_statements": 3, "percent_covered": 100.0, "percent_covered_display": "100", "missing_lines": 0, "excluded_lines": 0, "percent_statements_covered": 100.0, "percent_statements_covered_display": "100"}, "missing_lines": [], "excluded_lines": [], "start_line": 901}, "mock_mcp.mock_get_tool": {"executed_lines": [], "summary": {"covered_lines": 0, "num_statements": 1, "percent_covered": 0.0, "percent_covered_display": "0", "missing_lines": 1, "excluded_lines": 0, "percent_statements_covered": 0.0, "percent_statements_covered_display": "0"}, "missing_lines": [916], "excluded_lines": [], "start_line": 914}, "": {"executed_lines": [8, 9, 10, 11, 12, 13, 15, 18, 39, 42, 43, 44, 52, 96, 204, 381, 480, 585, 586, 631, 632, 637, 638, 643, 644, 659, 660, 665, 666, 738, 741, 747, 794, 803, 819, 851, 856, 870, 888, 889, 894, 895], "summary": {"covered_lines": 42, "num_statements": 42, "percent_covered": 100.0, "percent_covered_display": "100", "missing_lines": 0, "excluded_lines": 0, "percent_statements_covered": 100.0, "percent_statements_covered_display": "100"}, "missing_lines": [], "excluded_lines": [], "start_line": 1}}, "classes": {"MCPWrapper": {"executed_lines": [], "summary": {"covered_lines": 0, "num_statements": 104, "percent_covered": 0.0, "percent_covered_display": "0", "missing_lines": 104, "excluded_lines": 0, "percent_statements_covered": 0.0, "percent_statements_covered_display": "0"}, "missing_lines": [742, 743, 744, 745, 749, 750, 752, 754, 756, 757, 758, 759, 760, 762, 763, 764, 765, 766, 768, 769, 770, 771, 772, 773, 774, 776, 777, 778, 779, 780, 781, 782, 783, 784, 785, 786, 787, 788, 789, 791, 792, 796, 797, 798, 799, 800, 801, 805, 806, 808, 809, 810, 811, 812, 814, 815, 817, 821, 822, 823, 825, 826, 827, 828, 829, 830, 831, 832, 833, 834, 835, 837, 838, 839, 840, 841, 842, 843, 844, 845, 846, 847, 849, 853, 854, 858, 860, 861, 862, 863, 865, 866, 868, 872, 873, 874, 875, 876, 878, 879, 881, 882, 883, 885], "excluded_lines": [], "start_line": 738}, "": {"executed_lines": [8, 9, 10, 11, 12, 13, 15, 18, 20, 24, 25, 39, 42, 43, 44, 52, 96, 204, 381, 480, 585, 586, 592, 593, 594, 595, 598, 603, 608, 613, 618, 619, 628, 631, 632, 634, 637, 638, 640, 643, 644, 651, 659, 660, 662, 665, 666, 738, 741, 747, 794, 803, 819, 851, 856, 870, 888, 889, 894, 895, 897, 898, 900, 901, 902, 903, 904, 906, 910, 912, 914, 918, 919], "summary": {"covered_lines": 73, "num_statements": 121, "percent_covered": 60.33057851239669, "percent_covered_display": "60", "missing_lines": 48, "excluded_lines": 0, "percent_statements_covered": 60.33057851239669, "percent_statements_covered_display": "60"}, "missing_lines": [26, 27, 28, 29, 30, 31, 32, 33, 34, 35, 36, 671, 672, 674, 676, 679, 681, 683, 685, 687, 689, 691, 693, 695, 697, 699, 701, 703, 705, 707, 709, 711, 713, 715, 717, 719, 721, 723, 725, 727, 729, 731, 733, 735, 891, 907, 908, 916], "excluded_lines": [], "start_line": 1}}}, "context_generator/__init__.py": {"executed_lines": [11, 13], "summary": {"covered_lines": 2, "num_statements": 2, "percent_covered": 100.0, "percent_covered_display": "100", "missing_lines": 0, "excluded_lines": 0, "percent_statements_covered": 100.0, "percent_statements_covered_display": "100"}, "missing_lines": [], "excluded_lines": [], "functions": {"": {"executed_lines": [11, 13], "summary": {"covered_lines": 2, "num_statements": 2, "percent_covered": 100.0, "percent_covered_display": "100", "missing_lines": 0, "excluded_lines": 0, "percent_statements_covered": 100.0, "percent_statements_covered_display": "100"}, "missing_lines": [], "excluded_lines": [], "start_line": 1}}, "classes": {"": {"executed_lines": [11, 13], "summary": {"covered_lines": 2, "num_statements": 2, "percent_covered": 100.0, "percent_covered_display": "100", "missing_lines": 0, "excluded_lines": 0, "percent_statements_covered": 100.0, "percent_statements_covered_display": "100"}, "missing_lines": [], "excluded_lines": [], "start_line": 1}}}, "context_generator/analyzers.py": {"executed_lines": [3, 4, 5, 6, 7, 8, 9, 10, 12, 18, 34, 37, 60, 96, 134, 169, 202, 237, 244, 257, 261, 267, 270, 304, 332, 369, 388, 459, 499, 524, 553, 577, 580, 586, 617, 673, 774, 788, 791, 796, 810, 849, 885, 934, 970, 973, 994, 1035, 1116, 1130, 1144, 1172, 1251, 1254, 1259], "summary": {"covered_lines": 55, "num_statements": 662, "percent_covered": 8.308157099697885, "percent_covered_display": "8", "missing_lines": 607, "excluded_lines": 0, "percent_statements_covered": 8.308157099697885, "percent_statements_covered_display": "8"}, "missing_lines": [38, 39, 40, 41, 42, 45, 46, 47, 48, 49, 52, 53, 54, 55, 58, 62, 65, 66, 68, 69, 71, 72, 74, 75, 78, 79, 80, 81, 82, 84, 85, 87, 88, 90, 93, 94, 99, 100, 103, 104, 105, 106, 107, 108, 111, 112, 113, 114, 117, 118, 119, 120, 121, 122, 123, 126, 127, 128, 129, 131, 132, 139, 140, 141, 142, 145, 150, 156, 157, 158, 159, 161, 175, 176, 178, 180, 182, 183, 184, 187, 188, 189, 190, 191, 194, 195, 196, 197, 200, 207, 208, 209, 212, 213, 215, 229, 230, 231, 232, 233, 235, 239, 240, 241, 242, 250, 251, 252, 255, 259, 263, 264, 271, 272, 273, 274, 275, 278, 279, 280, 281, 284, 285, 286, 289, 292, 302, 306, 309, 310, 311, 312, 313, 314, 315, 318, 319, 320, 321, 324, 325, 326, 327, 330, 337, 338, 339, 341, 342, 343, 344, 345, 346, 347, 348, 349, 350, 352, 354, 367, 371, 373, 374, 375, 376, 379, 384, 385, 386, 390, 391, 392, 393, 396, 397, 398, 401, 402, 405, 406, 408, 409, 412, 415, 418, 419, 421, 422, 424, 425, 427, 428, 436, 437, 438, 439, 441, 461, 462, 463, 465, 467, 468, 470, 471, 473, 474, 477, 478, 483, 484, 486, 501, 502, 503, 504, 506, 509, 510, 514, 533, 535, 536, 538, 539, 540, 541, 542, 543, 544, 546, 547, 548, 549, 550, 551, 559, 560, 566, 567, 581, 582, 583, 584, 588, 590, 591, 592, 593, 596, 597, 598, 599, 601, 602, 603, 605, 607, 608, 611, 613, 614, 615, 619, 620, 621, 624, 625, 626, 628, 629, 631, 642, 643, 644, 646, 648, 649, 652, 655, 656, 657, 664, 665, 675, 676, 678, 679, 680, 682, 685, 686, 691, 692, 693, 694, 695, 696, 703, 704, 713, 714, 715, 719, 720, 721, 725, 726, 727, 728, 729, 730, 739, 740, 743, 744, 745, 748, 749, 750, 753, 754, 755, 758, 759, 761, 763, 764, 770, 779, 780, 782, 783, 792, 793, 794, 798, 801, 804, 806, 807, 808, 812, 813, 814, 816, 817, 819, 820, 822, 825, 828, 829, 830, 831, 832, 833, 835, 851, 852, 853, 856, 857, 858, 859, 860, 861, 864, 865, 866, 867, 868, 872, 875, 876, 877, 878, 879, 883, 887, 888, 889, 891, 892, 893, 895, 896, 897, 899, 900, 903, 904, 905, 906, 913, 916, 917, 918, 919, 921, 936, 937, 938, 940, 941, 942, 944, 945, 947, 950, 951, 952, 953, 955, 974, 975, 976, 988, 989, 990, 991, 992, 999, 1001, 1002, 1003, 1004, 1006, 1008, 1009, 1010, 1011, 1012, 1013, 1016, 1018, 1020, 1021, 1022, 1023, 1024, 1025, 1026, 1028, 1030, 1031, 1032, 1033, 1038, 1039, 1040, 1041, 1042, 1043, 1044, 1045, 1046, 1049, 1050, 1052, 1053, 1056, 1057, 1060, 1063, 1064, 1067, 1070, 1071, 1080, 1088, 1089, 1090, 1091, 1094, 1095, 1098, 1099, 1100, 1101, 1102, 1103, 1104, 1106, 1107, 1108, 1110, 1111, 1113, 1114, 1118, 1119, 1120, 1121, 1122, 1123, 1124, 1125, 1126, 1127, 1128, 1132, 1133, 1134, 1135, 1140, 1141, 1142, 1146, 1148, 1149, 1150, 1151, 1152, 1153, 1154, 1157, 1158, 1159, 1160, 1161, 1162, 1163, 1164, 1165, 1166, 1167, 1168, 1169, 1170, 1177, 1180, 1182, 1211, 1212, 1213, 1214, 1225, 1226, 1227, 1238, 1239, 1248, 1255, 1256, 1257, 1264, 1266, 1267, 1268, 1270, 1272, 1273, 1274, 1277, 1278, 1279, 1280, 1281, 1282, 1283, 1286, 1288, 1289, 1290, 1292, 1293, 1294, 1295, 1296, 1298, 1300, 1301, 1302, 1305, 1306, 1308, 1309, 1310, 1312, 1313, 1314, 1315, 1318, 1319, 1321, 1323, 1324, 1334, 1336, 1337, 1339, 1342, 1343, 1344, 1346, 1347, 1348, 1349, 1352, 1353, 1355, 1357, 1358, 1368, 1370, 1371], "excluded_lines": [], "functions": {"RegistryCollector.__init__": {"executed_lines": [], "summary": {"covered_lines": 0, "num_statements": 15, "percent_covered": 0.0, "percent_covered_display": "0", "missing_lines": 15, "excluded_lines": 0, "percent_statements_covered": 0.0, "percent_statements_covered_display": "0"}, "missing_lines": [38, 39, 40, 41, 42, 45, 46, 47, 48, 49, 52, 53, 54, 55, 58], "excluded_lines": [], "start_line": 37}, "RegistryCollector.collect": {"executed_lines": [], "summary": {"covered_lines": 0, "num_statements": 21, "percent_covered": 0.0, "percent_covered_display": "0", "missing_lines": 21, "excluded_lines": 0, "percent_statements_covered": 0.0, "percent_statements_covered_display": "0"}, "missing_lines": [62, 65, 66, 68, 69, 71, 72, 74, 75, 78, 79, 80, 81, 82, 84, 85, 87, 88, 90, 93, 94], "excluded_lines": [], "start_line": 60}, "RegistryCollector._build_maps": {"executed_lines": [], "summary": {"covered_lines": 0, "num_statements": 25, "percent_covered": 0.0, "percent_covered_display": "0", "missing_lines": 25, "excluded_lines": 0, "percent_statements_covered": 0.0, "percent_statements_covered_display": "0"}, "missing_lines": [99, 100, 103, 104, 105, 106, 107, 108, 111, 112, 113, 114, 117, 118, 119, 120, 121, 122, 123, 126, 127, 128, 129, 131, 132], "excluded_lines": [], "start_line": 96}, "RegistryCollector._compute_config_entry_health": {"executed_lines": [], "summary": {"covered_lines": 0, "num_statements": 11, "percent_covered": 0.0, "percent_covered_display": "0", "missing_lines": 11, "excluded_lines": 0, "percent_statements_covered": 0.0, "percent_statements_covered_display": "0"}, "missing_lines": [139, 140, 141, 142, 145, 150, 156, 157, 158, 159, 161], "excluded_lines": [], "start_line": 134}, "RegistryCollector.get_entity_ids": {"executed_lines": [], "summary": {"covered_lines": 0, "num_statements": 17, "percent_covered": 0.0, "percent_covered_display": "0", "missing_lines": 17, "excluded_lines": 0, "percent_statements_covered": 0.0, "percent_statements_covered_display": "0"}, "missing_lines": [175, 176, 178, 180, 182, 183, 184, 187, 188, 189, 190, 191, 194, 195, 196, 197, 200], "excluded_lines": [], "start_line": 169}, "RegistryCollector.get_entity_info": {"executed_lines": [], "summary": {"covered_lines": 0, "num_statements": 12, "percent_covered": 0.0, "percent_covered_display": "0", "missing_lines": 12, "excluded_lines": 0, "percent_statements_covered": 0.0, "percent_statements_covered_display": "0"}, "missing_lines": [207, 208, 209, 212, 213, 215, 229, 230, 231, 232, 233, 235], "excluded_lines": [], "start_line": 202}, "RegistryCollector._get_device_name": {"executed_lines": [], "summary": {"covered_lines": 0, "num_statements": 4, "percent_covered": 0.0, "percent_covered_display": "0", "missing_lines": 4, "excluded_lines": 0, "percent_statements_covered": 0.0, "percent_statements_covered_display": "0"}, "missing_lines": [239, 240, 241, 242], "excluded_lines": [], "start_line": 237}, "RegistryCollector.get_integration_domain": {"executed_lines": [], "summary": {"covered_lines": 0, "num_statements": 4, "percent_covered": 0.0, "percent_covered_display": "0", "missing_lines": 4, "excluded_lines": 0, "percent_statements_covered": 0.0, "percent_statements_covered_display": "0"}, "missing_lines": [250, 251, 252, 255], "excluded_lines": [], "start_line": 244}, "RegistryCollector.entity_exists": {"executed_lines": [], "summary": {"covered_lines": 0, "num_statements": 1, "percent_covered": 0.0, "percent_covered_display": "0", "missing_lines": 1, "excluded_lines": 0, "percent_statements_covered": 0.0, "percent_statements_covered_display": "0"}, "missing_lines": [259], "excluded_lines": [], "start_line": 257}, "RegistryCollector.is_virtual_entity": {"executed_lines": [], "summary": {"covered_lines": 0, "num_statements": 2, "percent_covered": 0.0, "percent_covered_display": "0", "missing_lines": 2, "excluded_lines": 0, "percent_statements_covered": 0.0, "percent_statements_covered_display": "0"}, "missing_lines": [263, 264], "excluded_lines": [], "start_line": 261}, "AutomationAnalyzer.__init__": {"executed_lines": [], "summary": {"covered_lines": 0, "num_statements": 15, "percent_covered": 0.0, "percent_covered_display": "0", "missing_lines": 15, "excluded_lines": 0, "percent_statements_covered": 0.0, "percent_statements_covered_display": "0"}, "missing_lines": [271, 272, 273, 274, 275, 278, 279, 280, 281, 284, 285, 286, 289, 292, 302], "excluded_lines": [], "start_line": 270}, "AutomationAnalyzer.collect": {"executed_lines": [], "summary": {"covered_lines": 0, "num_statements": 17, "percent_covered": 0.0, "percent_covered_display": "0", "missing_lines": 17, "excluded_lines": 0, "percent_statements_covered": 0.0, "percent_statements_covered_display": "0"}, "missing_lines": [306, 309, 310, 311, 312, 313, 314, 315, 318, 319, 320, 321, 324, 325, 326, 327, 330], "excluded_lines": [], "start_line": 304}, "AutomationAnalyzer._collect_blueprints": {"executed_lines": [], "summary": {"covered_lines": 0, "num_statements": 16, "percent_covered": 0.0, "percent_covered_display": "0", "missing_lines": 16, "excluded_lines": 0, "percent_statements_covered": 0.0, "percent_statements_covered_display": "0"}, "missing_lines": [337, 338, 339, 341, 342, 343, 344, 345, 346, 347, 348, 349, 350, 352, 354, 367], "excluded_lines": [], "start_line": 332}, "AutomationAnalyzer.analyze": {"executed_lines": [], "summary": {"covered_lines": 0, "num_statements": 9, "percent_covered": 0.0, "percent_covered_display": "0", "missing_lines": 9, "excluded_lines": 0, "percent_statements_covered": 0.0, "percent_statements_covered_display": "0"}, "missing_lines": [371, 373, 374, 375, 376, 379, 384, 385, 386], "excluded_lines": [], "start_line": 369}, "AutomationAnalyzer._analyze_automations": {"executed_lines": [], "summary": {"covered_lines": 0, "num_statements": 28, "percent_covered": 0.0, "percent_covered_display": "0", "missing_lines": 28, "excluded_lines": 0, "percent_statements_covered": 0.0, "percent_statements_covered_display": "0"}, "missing_lines": [390, 391, 392, 393, 396, 397, 398, 401, 402, 405, 406, 408, 409, 412, 415, 418, 419, 421, 422, 424, 425, 427, 428, 436, 437, 438, 439, 441], "excluded_lines": [], "start_line": 388}, "AutomationAnalyzer._analyze_scripts": {"executed_lines": [], "summary": {"covered_lines": 0, "num_statements": 15, "percent_covered": 0.0, "percent_covered_display": "0", "missing_lines": 15, "excluded_lines": 0, "percent_statements_covered": 0.0, "percent_statements_covered_display": "0"}, "missing_lines": [461, 462, 463, 465, 467, 468, 470, 471, 473, 474, 477, 478, 483, 484, 486], "excluded_lines": [], "start_line": 459}, "AutomationAnalyzer._analyze_scenes": {"executed_lines": [], "summary": {"covered_lines": 0, "num_statements": 8, "percent_covered": 0.0, "percent_covered_display": "0", "missing_lines": 8, "excluded_lines": 0, "percent_statements_covered": 0.0, "percent_statements_covered_display": "0"}, "missing_lines": [501, 502, 503, 504, 506, 509, 510, 514], "excluded_lines": [], "start_line": 499}, "AutomationAnalyzer._register_dependency": {"executed_lines": [], "summary": {"covered_lines": 0, "num_statements": 16, "percent_covered": 0.0, "percent_covered_display": "0", "missing_lines": 16, "excluded_lines": 0, "percent_statements_covered": 0.0, "percent_statements_covered_display": "0"}, "missing_lines": [533, 535, 536, 538, 539, 540, 541, 542, 543, 544, 546, 547, 548, 549, 550, 551], "excluded_lines": [], "start_line": 524}, "AutomationAnalyzer._detect_conflicts": {"executed_lines": [], "summary": {"covered_lines": 0, "num_statements": 4, "percent_covered": 0.0, "percent_covered_display": "0", "missing_lines": 4, "excluded_lines": 0, "percent_statements_covered": 0.0, "percent_statements_covered_display": "0"}, "missing_lines": [559, 560, 566, 567], "excluded_lines": [], "start_line": 553}, "DashboardAnalyzer.__init__": {"executed_lines": [], "summary": {"covered_lines": 0, "num_statements": 4, "percent_covered": 0.0, "percent_covered_display": "0", "missing_lines": 4, "excluded_lines": 0, "percent_statements_covered": 0.0, "percent_statements_covered_display": "0"}, "missing_lines": [581, 582, 583, 584], "excluded_lines": [], "start_line": 580}, "DashboardAnalyzer.analyze": {"executed_lines": [], "summary": {"covered_lines": 0, "num_statements": 19, "percent_covered": 0.0, "percent_covered_display": "0", "missing_lines": 19, "excluded_lines": 0, "percent_statements_covered": 0.0, "percent_statements_covered_display": "0"}, "missing_lines": [588, 590, 591, 592, 593, 596, 597, 598, 599, 601, 602, 603, 605, 607, 608, 611, 613, 614, 615], "excluded_lines": [], "start_line": 586}, "DashboardAnalyzer._analyze_dashboard": {"executed_lines": [], "summary": {"covered_lines": 0, "num_statements": 21, "percent_covered": 0.0, "percent_covered_display": "0", "missing_lines": 21, "excluded_lines": 0, "percent_statements_covered": 0.0, "percent_statements_covered_display": "0"}, "missing_lines": [619, 620, 621, 624, 625, 626, 628, 629, 631, 642, 643, 644, 646, 648, 649, 652, 655, 656, 657, 664, 665], "excluded_lines": [], "start_line": 617}, "DashboardAnalyzer._parse_cards": {"executed_lines": [], "summary": {"covered_lines": 0, "num_statements": 45, "percent_covered": 0.0, "percent_covered_display": "0", "missing_lines": 45, "excluded_lines": 0, "percent_statements_covered": 0.0, "percent_statements_covered_display": "0"}, "missing_lines": [675, 676, 678, 679, 680, 682, 685, 686, 691, 692, 693, 694, 695, 696, 703, 704, 713, 714, 715, 719, 720, 721, 725, 726, 727, 728, 729, 730, 739, 740, 743, 744, 745, 748, 749, 750, 753, 754, 755, 758, 759, 761, 763, 764, 770], "excluded_lines": [], "start_line": 673}, "DashboardAnalyzer._check_dashboard_entities": {"executed_lines": [], "summary": {"covered_lines": 0, "num_statements": 4, "percent_covered": 0.0, "percent_covered_display": "0", "missing_lines": 4, "excluded_lines": 0, "percent_statements_covered": 0.0, "percent_statements_covered_display": "0"}, "missing_lines": [779, 780, 782, 783], "excluded_lines": [], "start_line": 774}, "TemplateEntityCollector.__init__": {"executed_lines": [], "summary": {"covered_lines": 0, "num_statements": 3, "percent_covered": 0.0, "percent_covered_display": "0", "missing_lines": 3, "excluded_lines": 0, "percent_statements_covered": 0.0, "percent_statements_covered_display": "0"}, "missing_lines": [792, 793, 794], "excluded_lines": [], "start_line": 791}, "TemplateEntityCollector.collect": {"executed_lines": [], "summary": {"covered_lines": 0, "num_statements": 6, "percent_covered": 0.0, "percent_covered_display": "0", "missing_lines": 6, "excluded_lines": 0, "percent_statements_covered": 0.0, "percent_statements_covered_display": "0"}, "missing_lines": [798, 801, 804, 806, 807, 808], "excluded_lines": [], "start_line": 796}, "TemplateEntityCollector._collect_from_config_entries": {"executed_lines": [], "summary": {"covered_lines": 0, "num_statements": 16, "percent_covered": 0.0, "percent_covered_display": "0", "missing_lines": 16, "excluded_lines": 0, "percent_statements_covered": 0.0, "percent_statements_covered_display": "0"}, "missing_lines": [812, 813, 814, 816, 817, 819, 820, 822, 825, 828, 829, 830, 831, 832, 833, 835], "excluded_lines": [], "start_line": 810}, "TemplateEntityCollector._collect_from_configuration": {"executed_lines": [], "summary": {"covered_lines": 0, "num_statements": 21, "percent_covered": 0.0, "percent_covered_display": "0", "missing_lines": 21, "excluded_lines": 0, "percent_statements_covered": 0.0, "percent_statements_covered_display": "0"}, "missing_lines": [851, 852, 853, 856, 857, 858, 859, 860, 861, 864, 865, 866, 867, 868, 872, 875, 876, 877, 878, 879, 883], "excluded_lines": [], "start_line": 849}, "TemplateEntityCollector._parse_template_section": {"executed_lines": [], "summary": {"covered_lines": 0, "num_statements": 21, "percent_covered": 0.0, "percent_covered_display": "0", "missing_lines": 21, "excluded_lines": 0, "percent_statements_covered": 0.0, "percent_statements_covered_display": "0"}, "missing_lines": [887, 888, 889, 891, 892, 893, 895, 896, 897, 899, 900, 903, 904, 905, 906, 913, 916, 917, 918, 919, 921], "excluded_lines": [], "start_line": 885}, "TemplateEntityCollector._parse_legacy_template": {"executed_lines": [], "summary": {"covered_lines": 0, "num_statements": 14, "percent_covered": 0.0, "percent_covered_display": "0", "missing_lines": 14, "excluded_lines": 0, "percent_statements_covered": 0.0, "percent_statements_covered_display": "0"}, "missing_lines": [936, 937, 938, 940, 941, 942, 944, 945, 947, 950, 951, 952, 953, 955], "excluded_lines": [], "start_line": 934}, "LogAnalyzer.__init__": {"executed_lines": [], "summary": {"covered_lines": 0, "num_statements": 8, "percent_covered": 0.0, "percent_covered_display": "0", "missing_lines": 8, "excluded_lines": 0, "percent_statements_covered": 0.0, "percent_statements_covered_display": "0"}, "missing_lines": [974, 975, 976, 988, 989, 990, 991, 992], "excluded_lines": [], "start_line": 973}, "LogAnalyzer.analyze": {"executed_lines": [], "summary": {"covered_lines": 0, "num_statements": 26, "percent_covered": 0.0, "percent_covered_display": "0", "missing_lines": 26, "excluded_lines": 0, "percent_statements_covered": 0.0, "percent_statements_covered_display": "0"}, "missing_lines": [999, 1001, 1002, 1003, 1004, 1006, 1008, 1009, 1010, 1011, 1012, 1013, 1016, 1018, 1020, 1021, 1022, 1023, 1024, 1025, 1026, 1028, 1030, 1031, 1032, 1033], "excluded_lines": [], "start_line": 994}, "LogAnalyzer._parse_line": {"executed_lines": [], "summary": {"covered_lines": 0, "num_statements": 42, "percent_covered": 0.0, "percent_covered_display": "0", "missing_lines": 42, "excluded_lines": 0, "percent_statements_covered": 0.0, "percent_statements_covered_display": "0"}, "missing_lines": [1038, 1039, 1040, 1041, 1042, 1043, 1044, 1045, 1046, 1049, 1050, 1052, 1053, 1056, 1057, 1060, 1063, 1064, 1067, 1070, 1071, 1080, 1088, 1089, 1090, 1091, 1094, 1095, 1098, 1099, 1100, 1101, 1102, 1103, 1104, 1106, 1107, 1108, 1110, 1111, 1113, 1114], "excluded_lines": [], "start_line": 1035}, "LogAnalyzer._extract_integration": {"executed_lines": [], "summary": {"covered_lines": 0, "num_statements": 11, "percent_covered": 0.0, "percent_covered_display": "0", "missing_lines": 11, "excluded_lines": 0, "percent_statements_covered": 0.0, "percent_statements_covered_display": "0"}, "missing_lines": [1118, 1119, 1120, 1121, 1122, 1123, 1124, 1125, 1126, 1127, 1128], "excluded_lines": [], "start_line": 1116}, "LogAnalyzer._normalize_pattern": {"executed_lines": [], "summary": {"covered_lines": 0, "num_statements": 7, "percent_covered": 0.0, "percent_covered_display": "0", "missing_lines": 7, "excluded_lines": 0, "percent_statements_covered": 0.0, "percent_statements_covered_display": "0"}, "missing_lines": [1132, 1133, 1134, 1135, 1140, 1141, 1142], "excluded_lines": [], "start_line": 1130}, "LogAnalyzer._categorize_error": {"executed_lines": [], "summary": {"covered_lines": 0, "num_statements": 22, "percent_covered": 0.0, "percent_covered_display": "0", "missing_lines": 22, "excluded_lines": 0, "percent_statements_covered": 0.0, "percent_statements_covered_display": "0"}, "missing_lines": [1146, 1148, 1149, 1150, 1151, 1152, 1153, 1154, 1157, 1158, 1159, 1160, 1161, 1162, 1163, 1164, 1165, 1166, 1167, 1168, 1169, 1170], "excluded_lines": [], "start_line": 1144}, "LogAnalyzer.get_recommendations": {"executed_lines": [], "summary": {"covered_lines": 0, "num_statements": 13, "percent_covered": 0.0, "percent_covered_display": "0", "missing_lines": 13, "excluded_lines": 0, "percent_statements_covered": 0.0, "percent_statements_covered_display": "0"}, "missing_lines": [1177, 1180, 1182, 1211, 1212, 1213, 1214, 1225, 1226, 1227, 1238, 1239, 1248], "excluded_lines": [], "start_line": 1172}, "HistoryAnalyzer.__init__": {"executed_lines": [], "summary": {"covered_lines": 0, "num_statements": 3, "percent_covered": 0.0, "percent_covered_display": "0", "missing_lines": 3, "excluded_lines": 0, "percent_statements_covered": 0.0, "percent_statements_covered_display": "0"}, "missing_lines": [1255, 1256, 1257], "excluded_lines": [], "start_line": 1254}, "HistoryAnalyzer.analyze": {"executed_lines": [], "summary": {"covered_lines": 0, "num_statements": 55, "percent_covered": 0.0, "percent_covered_display": "0", "missing_lines": 55, "excluded_lines": 0, "percent_statements_covered": 0.0, "percent_statements_covered_display": "0"}, "missing_lines": [1264, 1266, 1267, 1268, 1270, 1272, 1273, 1274, 1277, 1286, 1288, 1289, 1290, 1292, 1293, 1294, 1295, 1296, 1298, 1300, 1301, 1302, 1305, 1306, 1308, 1309, 1310, 1312, 1313, 1314, 1315, 1318, 1319, 1321, 1323, 1324, 1334, 1336, 1337, 1339, 1342, 1343, 1344, 1346, 1347, 1348, 1349, 1352, 1353, 1355, 1357, 1358, 1368, 1370, 1371], "excluded_lines": [], "start_line": 1259}, "HistoryAnalyzer.analyze.batch_iterable": {"executed_lines": [], "summary": {"covered_lines": 0, "num_statements": 6, "percent_covered": 0.0, "percent_covered_display": "0", "missing_lines": 6, "excluded_lines": 0, "percent_statements_covered": 0.0, "percent_statements_covered_display": "0"}, "missing_lines": [1278, 1279, 1280, 1281, 1282, 1283], "excluded_lines": [], "start_line": 1277}, "": {"executed_lines": [3, 4, 5, 6, 7, 8, 9, 10, 12, 18, 34, 37, 60, 96, 134, 169, 202, 237, 244, 257, 261, 267, 270, 304, 332, 369, 388, 459, 499, 524, 553, 577, 580, 586, 617, 673, 774, 788, 791, 796, 810, 849, 885, 934, 970, 973, 994, 1035, 1116, 1130, 1144, 1172, 1251, 1254, 1259], "summary": {"covered_lines": 55, "num_statements": 55, "percent_covered": 100.0, "percent_covered_display": "100", "missing_lines": 0, "excluded_lines": 0, "percent_statements_covered": 100.0, "percent_statements_covered_display": "100"}, "missing_lines": [], "excluded_lines": [], "start_line": 1}}, "classes": {"RegistryCollector": {"executed_lines": [], "summary": {"covered_lines": 0, "num_statements": 112, "percent_covered": 0.0, "percent_covered_display": "0", "missing_lines": 112, "excluded_lines": 0, "percent_statements_covered": 0.0, "percent_statements_covered_display": "0"}, "missing_lines": [38, 39, 40, 41, 42, 45, 46, 47, 48, 49, 52, 53, 54, 55, 58, 62, 65, 66, 68, 69, 71, 72, 74, 75, 78, 79, 80, 81, 82, 84, 85, 87, 88, 90, 93, 94, 99, 100, 103, 104, 105, 106, 107, 108, 111, 112, 113, 114, 117, 118, 119, 120, 121, 122, 123, 126, 127, 128, 129, 131, 132, 139, 140, 141, 142, 145, 150, 156, 157, 158, 159, 161, 175, 176, 178, 180, 182, 183, 184, 187, 188, 189, 190, 191, 194, 195, 196, 197, 200, 207, 208, 209, 212, 213, 215, 229, 230, 231, 232, 233, 235, 239, 240, 241, 242, 250, 251, 252, 255, 259, 263, 264], "excluded_lines": [], "start_line": 34}, "AutomationAnalyzer": {"executed_lines": [], "summary": {"covered_lines": 0, "num_statements": 128, "percent_covered": 0.0, "percent_covered_display": "0", "missing_lines": 128, "excluded_lines": 0, "percent_statements_covered": 0.0, "percent_statements_covered_display": "0"}, "missing_lines": [271, 272, 273, 274, 275, 278, 279, 280, 281, 284, 285, 286, 289, 292, 302, 306, 309, 310, 311, 312, 313, 314, 315, 318, 319, 320, 321, 324, 325, 326, 327, 330, 337, 338, 339, 341, 342, 343, 344, 345, 346, 347, 348, 349, 350, 352, 354, 367, 371, 373, 374, 375, 376, 379, 384, 385, 386, 390, 391, 392, 393, 396, 397, 398, 401, 402, 405, 406, 408, 409, 412, 415, 418, 419, 421, 422, 424, 425, 427, 428, 436, 437, 438, 439, 441, 461, 462, 463, 465, 467, 468, 470, 471, 473, 474, 477, 478, 483, 484, 486, 501, 502, 503, 504, 506, 509, 510, 514, 533, 535, 536, 538, 539, 540, 541, 542, 543, 544, 546, 547, 548, 549, 550, 551, 559, 560, 566, 567], "excluded_lines": [], "start_line": 267}, "DashboardAnalyzer": {"executed_lines": [], "summary": {"covered_lines": 0, "num_statements": 93, "percent_covered": 0.0, "percent_covered_display": "0", "missing_lines": 93, "excluded_lines": 0, "percent_statements_covered": 0.0, "percent_statements_covered_display": "0"}, "missing_lines": [581, 582, 583, 584, 588, 590, 591, 592, 593, 596, 597, 598, 599, 601, 602, 603, 605, 607, 608, 611, 613, 614, 615, 619, 620, 621, 624, 625, 626, 628, 629, 631, 642, 643, 644, 646, 648, 649, 652, 655, 656, 657, 664, 665, 675, 676, 678, 679, 680, 682, 685, 686, 691, 692, 693, 694, 695, 696, 703, 704, 713, 714, 715, 719, 720, 721, 725, 726, 727, 728, 729, 730, 739, 740, 743, 744, 745, 748, 749, 750, 753, 754, 755, 758, 759, 761, 763, 764, 770, 779, 780, 782, 783], "excluded_lines": [], "start_line": 577}, "TemplateEntityCollector": {"executed_lines": [], "summary": {"covered_lines": 0, "num_statements": 81, "percent_covered": 0.0, "percent_covered_display": "0", "missing_lines": 81, "excluded_lines": 0, "percent_statements_covered": 0.0, "percent_statements_covered_display": "0"}, "missing_lines": [792, 793, 794, 798, 801, 804, 806, 807, 808, 812, 813, 814, 816, 817, 819, 820, 822, 825, 828, 829, 830, 831, 832, 833, 835, 851, 852, 853, 856, 857, 858, 859, 860, 861, 864, 865, 866, 867, 868, 872, 875, 876, 877, 878, 879, 883, 887, 888, 889, 891, 892, 893, 895, 896, 897, 899, 900, 903, 904, 905, 906, 913, 916, 917, 918, 919, 921, 936, 937, 938, 940, 941, 942, 944, 945, 947, 950, 951, 952, 953, 955], "excluded_lines": [], "start_line": 788}, "LogAnalyzer": {"executed_lines": [], "summary": {"covered_lines": 0, "num_statements": 129, "percent_covered": 0.0, "percent_covered_display": "0", "missing_lines": 129, "excluded_lines": 0, "percent_statements_covered": 0.0, "percent_statements_covered_display": "0"}, "missing_lines": [974, 975, 976, 988, 989, 990, 991, 992, 999, 1001, 1002, 1003, 1004, 1006, 1008, 1009, 1010, 1011, 1012, 1013, 1016, 1018, 1020, 1021, 1022, 1023, 1024, 1025, 1026, 1028, 1030, 1031, 1032, 1033, 1038, 1039, 1040, 1041, 1042, 1043, 1044, 1045, 1046, 1049, 1050, 1052, 1053, 1056, 1057, 1060, 1063, 1064, 1067, 1070, 1071, 1080, 1088, 1089, 1090, 1091, 1094, 1095, 1098, 1099, 1100, 1101, 1102, 1103, 1104, 1106, 1107, 1108, 1110, 1111, 1113, 1114, 1118, 1119, 1120, 1121, 1122, 1123, 1124, 1125, 1126, 1127, 1128, 1132, 1133, 1134, 1135, 1140, 1141, 1142, 1146, 1148, 1149, 1150, 1151, 1152, 1153, 1154, 1157, 1158, 1159, 1160, 1161, 1162, 1163, 1164, 1165, 1166, 1167, 1168, 1169, 1170, 1177, 1180, 1182, 1211, 1212, 1213, 1214, 1225, 1226, 1227, 1238, 1239, 1248], "excluded_lines": [], "start_line": 970}, "HistoryAnalyzer": {"executed_lines": [], "summary": {"covered_lines": 0, "num_statements": 64, "percent_covered": 0.0, "percent_covered_display": "0", "missing_lines": 64, "excluded_lines": 0, "percent_statements_covered": 0.0, "percent_statements_covered_display": "0"}, "missing_lines": [1255, 1256, 1257, 1264, 1266, 1267, 1268, 1270, 1272, 1273, 1274, 1277, 1278, 1279, 1280, 1281, 1282, 1283, 1286, 1288, 1289, 1290, 1292, 1293, 1294, 1295, 1296, 1298, 1300, 1301, 1302, 1305, 1306, 1308, 1309, 1310, 1312, 1313, 1314, 1315, 1318, 1319, 1321, 1323, 1324, 1334, 1336, 1337, 1339, 1342, 1343, 1344, 1346, 1347, 1348, 1349, 1352, 1353, 1355, 1357, 1358, 1368, 1370, 1371], "excluded_lines": [], "start_line": 1251}, "": {"executed_lines": [3, 4, 5, 6, 7, 8, 9, 10, 12, 18, 34, 37, 60, 96, 134, 169, 202, 237, 244, 257, 261, 267, 270, 304, 332, 369, 388, 459, 499, 524, 553, 577, 580, 586, 617, 673, 774, 788, 791, 796, 810, 849, 885, 934, 970, 973, 994, 1035, 1116, 1130, 1144, 1172, 1251, 1254, 1259], "summary": {"covered_lines": 55, "num_statements": 55, "percent_covered": 100.0, "percent_covered_display": "100", "missing_lines": 0, "excluded_lines": 0, "percent_statements_covered": 100.0, "percent_statements_covered_display": "100"}, "missing_lines": [], "excluded_lines": [], "start_line": 1}}}, "context_generator/constants.py": {"executed_lines": [19, 20, 22, 25, 26, 27, 28, 29, 32, 40, 46, 49, 58, 69, 85, 107, 110, 113, 124], "summary": {"covered_lines": 19, "num_statements": 26, "percent_covered": 73.07692307692308, "percent_covered_display": "73", "missing_lines": 7, "excluded_lines": 0, "percent_statements_covered": 73.07692307692308, "percent_statements_covered_display": "73"}, "missing_lines": [115, 116, 117, 118, 119, 120, 121], "excluded_lines": [], "functions": {"_construct_stub": {"executed_lines": [], "summary": {"covered_lines": 0, "num_statements": 7, "percent_covered": 0.0, "percent_covered_display": "0", "missing_lines": 7, "excluded_lines": 0, "percent_statements_covered": 0.0, "percent_statements_covered_display": "0"}, "missing_lines": [115, 116, 117, 118, 119, 120, 121], "excluded_lines": [], "start_line": 113}, "": {"executed_lines": [19, 20, 22, 25, 26, 27, 28, 29, 32, 40, 46, 49, 58, 69, 85, 107, 110, 113, 124], "summary": {"covered_lines": 19, "num_statements": 19, "percent_covered": 100.0, "percent_covered_display": "100", "missing_lines": 0, "excluded_lines": 0, "percent_statements_covered": 100.0, "percent_statements_covered_display": "100"}, "missing_lines": [], "excluded_lines": [], "start_line": 1}}, "classes": {"HomeAssistantLoader": {"executed_lines": [], "summary": {"covered_lines": 0, "num_statements": 0, "percent_covered": 100.0, "percent_covered_display": "100", "missing_lines": 0, "excluded_lines": 0, "percent_statements_covered": 100.0, "percent_statements_covered_display": "100"}, "missing_lines": [], "excluded_lines": [], "start_line": 107}, "": {"executed_lines": [19, 20, 22, 25, 26, 27, 28, 29, 32, 40, 46, 49, 58, 69, 85, 107, 110, 113, 124], "summary": {"covered_lines": 19, "num_statements": 26, "percent_covered": 73.07692307692308, "percent_covered_display": "73", "missing_lines": 7, "excluded_lines": 0, "percent_statements_covered": 73.07692307692308, "percent_statements_covered_display": "73"}, "missing_lines": [115, 116, 117, 118, 119, 120, 121], "excluded_lines": [], "start_line": 1}}}, "context_generator/core.py": {"executed_lines": [3, 4, 12, 13, 16, 18, 19, 20, 21, 24, 27, 28, 29, 30, 32, 33, 34, 36, 37, 39, 40, 42, 43, 45, 46, 49, 50, 53, 54, 55, 56, 57, 58, 59, 60, 61, 62, 63, 64, 65, 66, 69, 91, 94, 95, 96, 97, 98, 99, 100, 101, 104, 105, 106, 109, 111, 118], "summary": {"covered_lines": 57, "num_statements": 58, "percent_covered": 98.27586206896552, "percent_covered_display": "98", "missing_lines": 1, "excluded_lines": 0, "percent_statements_covered": 98.27586206896552, "percent_statements_covered_display": "98"}, "missing_lines": [119], "excluded_lines": [], "functions": {"main": {"executed_lines": [18, 19, 20, 21, 24, 27, 28, 29, 30, 32, 33, 34, 36, 37, 39, 40, 42, 43, 45, 46, 49, 50, 53, 54, 55, 56, 57, 58, 59, 60, 61, 62, 63, 64, 65, 66], "summary": {"covered_lines": 36, "num_statements": 36, "percent_covered": 100.0, "percent_covered_display": "100", "missing_lines": 0, "excluded_lines": 0, "percent_statements_covered": 100.0, "percent_statements_covered_display": "100"}, "missing_lines": [], "excluded_lines": [], "start_line": 16}, "generate_context_file": {"executed_lines": [91, 94, 95, 96, 97, 98, 99, 100, 101, 104, 105, 106, 109, 111], "summary": {"covered_lines": 14, "num_statements": 14, "percent_covered": 100.0, "percent_covered_display": "100", "missing_lines": 0, "excluded_lines": 0, "percent_statements_covered": 100.0, "percent_statements_covered_display": "100"}, "missing_lines": [], "excluded_lines": [], "start_line": 69}, "": {"executed_lines": [3, 4, 12, 13, 16, 69, 118], "summary": {"covered_lines": 7, "num_statements": 8, "percent_covered": 87.5, "percent_covered_display": "88", "missing_lines": 1, "excluded_lines": 0, "percent_statements_covered": 87.5, "percent_statements_covered_display": "88"}, "missing_lines": [119], "excluded_lines": [], "start_line": 1}}, "classes": {"": {"executed_lines": [3, 4, 12, 13, 16, 18, 19, 20, 21, 24, 27, 28, 29, 30, 32, 33, 34, 36, 37, 39, 40, 42, 43, 45, 46, 49, 50, 53, 54, 55, 56, 57, 58, 59, 60, 61, 62, 63, 64, 65, 66, 69, 91, 94, 95, 96, 97, 98, 99, 100, 101, 104, 105, 106, 109, 111, 118], "summary": {"covered_lines": 57, "num_statements": 58, "percent_covered": 98.27586206896552, "percent_covered_display": "98", "missing_lines": 1, "excluded_lines": 0, "percent_statements_covered": 98.27586206896552, "percent_statements_covered_display": "98"}, "missing_lines": [119], "excluded_lines": [], "start_line": 1}}}, "context_generator/formatters.py": {"executed_lines": [3, 5, 6, 7, 10, 12, 13, 26, 29, 45, 66, 75, 166, 269, 358, 463, 559, 641, 692, 746, 823, 951, 990], "summary": {"covered_lines": 23, "num_statements": 680, "percent_covered": 3.3823529411764706, "percent_covered_display": "3", "missing_lines": 657, "excluded_lines": 2, "percent_statements_covered": 3.3823529411764706, "percent_statements_covered_display": "3"}, "missing_lines": [38, 39, 40, 41, 42, 43, 47, 49, 50, 51, 52, 53, 54, 55, 56, 57, 58, 59, 60, 61, 62, 64, 68, 69, 70, 71, 72, 73, 77, 79, 80, 86, 87, 88, 89, 90, 91, 92, 93, 94, 95, 96, 97, 98, 101, 102, 104, 105, 106, 107, 109, 110, 111, 112, 114, 115, 116, 117, 119, 120, 121, 122, 124, 125, 127, 128, 129, 130, 133, 134, 135, 136, 137, 140, 141, 144, 145, 149, 150, 151, 153, 154, 156, 157, 158, 159, 160, 162, 164, 168, 171, 172, 177, 178, 179, 180, 182, 184, 185, 186, 187, 188, 189, 190, 192, 193, 194, 195, 196, 197, 198, 199, 200, 201, 203, 204, 206, 209, 211, 215, 216, 217, 218, 219, 220, 222, 223, 225, 226, 228, 229, 230, 231, 233, 234, 235, 237, 242, 243, 244, 245, 246, 247, 248, 249, 251, 254, 255, 256, 257, 258, 259, 260, 261, 262, 263, 264, 265, 266, 267, 271, 274, 276, 277, 278, 279, 280, 282, 292, 293, 295, 296, 297, 298, 300, 301, 303, 305, 307, 308, 310, 314, 317, 319, 321, 322, 323, 324, 326, 327, 329, 331, 332, 333, 334, 336, 338, 339, 341, 344, 345, 346, 347, 349, 350, 352, 356, 360, 363, 371, 372, 374, 375, 377, 378, 379, 381, 382, 383, 385, 390, 391, 393, 394, 396, 399, 400, 401, 403, 404, 405, 406, 407, 408, 409, 411, 415, 418, 419, 420, 421, 423, 425, 426, 428, 429, 431, 432, 433, 435, 437, 438, 445, 447, 448, 449, 451, 453, 454, 457, 458, 459, 460, 461, 465, 468, 469, 470, 471, 473, 474, 475, 476, 477, 478, 479, 480, 483, 485, 486, 487, 489, 490, 491, 492, 493, 494, 495, 496, 497, 499, 500, 502, 505, 506, 507, 515, 516, 519, 520, 521, 522, 523, 524, 525, 528, 529, 530, 531, 532, 533, 534, 537, 538, 540, 541, 543, 544, 545, 546, 547, 548, 549, 550, 551, 553, 557, 561, 562, 565, 567, 573, 574, 576, 577, 578, 580, 581, 582, 584, 585, 586, 588, 589, 590, 592, 593, 596, 597, 598, 604, 605, 607, 609, 610, 611, 613, 619, 620, 621, 622, 623, 624, 625, 629, 631, 634, 635, 636, 637, 638, 639, 643, 645, 646, 647, 649, 653, 654, 656, 662, 663, 664, 665, 666, 668, 670, 672, 675, 676, 678, 679, 681, 682, 683, 684, 685, 686, 688, 690, 694, 696, 697, 698, 700, 703, 704, 705, 706, 707, 710, 711, 712, 714, 715, 717, 718, 720, 721, 722, 723, 724, 725, 726, 727, 728, 730, 734, 735, 737, 740, 741, 742, 743, 744, 748, 750, 751, 752, 755, 756, 757, 759, 760, 762, 765, 766, 767, 769, 770, 772, 773, 774, 775, 776, 778, 781, 783, 784, 785, 787, 789, 790, 791, 793, 794, 795, 796, 797, 798, 800, 801, 803, 805, 808, 809, 810, 811, 813, 814, 815, 816, 818, 819, 821, 825, 827, 830, 831, 832, 833, 834, 835, 836, 837, 838, 841, 842, 844, 850, 853, 855, 856, 857, 860, 861, 863, 864, 865, 867, 868, 870, 872, 875, 876, 877, 878, 880, 881, 882, 883, 885, 888, 889, 890, 892, 894, 895, 897, 898, 900, 903, 904, 906, 908, 909, 913, 916, 917, 918, 920, 921, 922, 925, 926, 927, 928, 929, 930, 931, 932, 936, 939, 940, 941, 943, 944, 946, 947, 949, 953, 955, 956, 957, 959, 962, 963, 964, 965, 967, 968, 969, 971, 974, 975, 977, 978, 980, 981, 982, 983, 984, 986, 988, 992, 994, 995, 996, 997, 1000, 1001, 1002, 1003, 1005, 1006, 1007, 1008, 1009, 1010, 1011, 1012, 1013, 1014, 1017, 1019, 1020, 1021, 1022, 1024, 1025, 1027, 1029, 1034, 1040, 1041, 1042, 1043, 1045, 1047, 1049, 1052, 1054, 1055, 1056, 1057, 1058, 1060, 1061, 1063, 1064, 1065, 1068, 1069, 1070, 1072, 1075, 1077, 1079, 1080, 1082, 1083, 1085, 1088, 1089, 1090, 1091, 1092, 1094, 1095, 1096, 1097, 1099, 1100, 1102, 1105, 1106, 1109], "excluded_lines": [15, 16], "functions": {"ReportGenerator.__init__": {"executed_lines": [], "summary": {"covered_lines": 0, "num_statements": 6, "percent_covered": 0.0, "percent_covered_display": "0", "missing_lines": 6, "excluded_lines": 0, "percent_statements_covered": 0.0, "percent_statements_covered_display": "0"}, "missing_lines": [38, 39, 40, 41, 42, 43], "excluded_lines": [], "start_line": 29}, "ReportGenerator.generate": {"executed_lines": [], "summary": {"covered_lines": 0, "num_statements": 16, "percent_covered": 0.0, "percent_covered_display": "0", "missing_lines": 16, "excluded_lines": 0, "percent_statements_covered": 0.0, "percent_statements_covered_display": "0"}, "missing_lines": [47, 49, 50, 51, 52, 53, 54, 55, 56, 57, 58, 59, 60, 61, 62, 64], "excluded_lines": [], "start_line": 45}, "ReportGenerator._write_header": {"executed_lines": [], "summary": {"covered_lines": 0, "num_statements": 6, "percent_covered": 0.0, "percent_covered_display": "0", "missing_lines": 6, "excluded_lines": 0, "percent_statements_covered": 0.0, "percent_statements_covered_display": "0"}, "missing_lines": [68, 69, 70, 71, 72, 73], "excluded_lines": [], "start_line": 66}, "ReportGenerator._write_executive_summary": {"executed_lines": [], "summary": {"covered_lines": 0, "num_statements": 61, "percent_covered": 0.0, "percent_covered_display": "0", "missing_lines": 61, "excluded_lines": 0, "percent_statements_covered": 0.0, "percent_statements_covered_display": "0"}, "missing_lines": [77, 79, 80, 86, 87, 88, 89, 90, 91, 92, 93, 94, 95, 96, 97, 98, 101, 102, 104, 105, 106, 107, 109, 110, 111, 112, 114, 115, 116, 117, 119, 120, 121, 122, 124, 125, 127, 128, 129, 130, 133, 134, 135, 136, 137, 140, 141, 144, 145, 149, 150, 151, 153, 154, 156, 157, 158, 159, 160, 162, 164], "excluded_lines": [], "start_line": 75}, "ReportGenerator._write_system_health": {"executed_lines": [], "summary": {"covered_lines": 0, "num_statements": 71, "percent_covered": 0.0, "percent_covered_display": "0", "missing_lines": 71, "excluded_lines": 0, "percent_statements_covered": 0.0, "percent_statements_covered_display": "0"}, "missing_lines": [168, 171, 172, 177, 178, 179, 180, 182, 184, 185, 186, 187, 188, 189, 190, 192, 193, 194, 195, 196, 197, 198, 199, 200, 201, 203, 204, 206, 209, 211, 215, 216, 217, 218, 219, 220, 222, 223, 225, 226, 228, 229, 230, 231, 233, 234, 235, 237, 242, 243, 244, 245, 246, 247, 248, 249, 251, 254, 255, 256, 257, 258, 259, 260, 261, 262, 263, 264, 265, 266, 267], "excluded_lines": [], "start_line": 166}, "ReportGenerator._write_integration_status": {"executed_lines": [], "summary": {"covered_lines": 0, "num_statements": 47, "percent_covered": 0.0, "percent_covered_display": "0", "missing_lines": 47, "excluded_lines": 0, "percent_statements_covered": 0.0, "percent_statements_covered_display": "0"}, "missing_lines": [271, 274, 276, 277, 278, 279, 280, 282, 292, 293, 295, 296, 297, 298, 300, 301, 303, 305, 307, 308, 310, 314, 317, 319, 321, 322, 323, 324, 326, 327, 329, 331, 332, 333, 334, 336, 338, 339, 341, 344, 345, 346, 347, 349, 350, 352, 356], "excluded_lines": [], "start_line": 269}, "ReportGenerator._write_topology": {"executed_lines": [], "summary": {"covered_lines": 0, "num_statements": 57, "percent_covered": 0.0, "percent_covered_display": "0", "missing_lines": 57, "excluded_lines": 0, "percent_statements_covered": 0.0, "percent_statements_covered_display": "0"}, "missing_lines": [360, 363, 371, 372, 374, 375, 377, 378, 379, 381, 382, 383, 385, 390, 391, 393, 394, 396, 399, 400, 401, 403, 404, 405, 406, 407, 408, 409, 411, 415, 418, 419, 420, 421, 423, 425, 426, 428, 429, 431, 432, 433, 435, 437, 438, 445, 447, 448, 449, 451, 453, 454, 457, 458, 459, 460, 461], "excluded_lines": [], "start_line": 358}, "ReportGenerator._write_automation_logic": {"executed_lines": [], "summary": {"covered_lines": 0, "num_statements": 63, "percent_covered": 0.0, "percent_covered_display": "0", "missing_lines": 63, "excluded_lines": 0, "percent_statements_covered": 0.0, "percent_statements_covered_display": "0"}, "missing_lines": [465, 468, 469, 470, 471, 473, 474, 475, 476, 477, 478, 479, 480, 483, 485, 486, 487, 489, 490, 491, 492, 493, 494, 495, 496, 497, 499, 500, 502, 505, 506, 507, 515, 516, 519, 520, 521, 522, 523, 524, 525, 528, 529, 530, 531, 532, 533, 534, 537, 538, 540, 541, 543, 544, 545, 546, 547, 548, 549, 550, 551, 553, 557], "excluded_lines": [], "start_line": 463}, "ReportGenerator._write_entity_dependency_graph": {"executed_lines": [], "summary": {"covered_lines": 0, "num_statements": 45, "percent_covered": 0.0, "percent_covered_display": "0", "missing_lines": 45, "excluded_lines": 0, "percent_statements_covered": 0.0, "percent_statements_covered_display": "0"}, "missing_lines": [561, 562, 565, 567, 573, 574, 576, 577, 578, 580, 581, 582, 584, 585, 586, 588, 589, 590, 592, 593, 596, 597, 598, 604, 605, 607, 609, 610, 611, 613, 619, 620, 621, 622, 623, 624, 625, 629, 631, 634, 635, 636, 637, 638, 639], "excluded_lines": [], "start_line": 559}, "ReportGenerator._write_conflict_analysis": {"executed_lines": [], "summary": {"covered_lines": 0, "num_statements": 28, "percent_covered": 0.0, "percent_covered_display": "0", "missing_lines": 28, "excluded_lines": 0, "percent_statements_covered": 0.0, "percent_statements_covered_display": "0"}, "missing_lines": [643, 645, 646, 647, 649, 653, 654, 656, 662, 663, 664, 665, 666, 668, 670, 672, 675, 676, 678, 679, 681, 682, 683, 684, 685, 686, 688, 690], "excluded_lines": [], "start_line": 641}, "ReportGenerator._write_template_entities": {"executed_lines": [], "summary": {"covered_lines": 0, "num_statements": 35, "percent_covered": 0.0, "percent_covered_display": "0", "missing_lines": 35, "excluded_lines": 0, "percent_statements_covered": 0.0, "percent_statements_covered_display": "0"}, "missing_lines": [694, 696, 697, 698, 700, 703, 704, 705, 706, 707, 710, 711, 712, 714, 715, 717, 718, 720, 721, 722, 723, 724, 725, 726, 727, 728, 730, 734, 735, 737, 740, 741, 742, 743, 744], "excluded_lines": [], "start_line": 692}, "ReportGenerator._write_dashboard_usage": {"executed_lines": [], "summary": {"covered_lines": 0, "num_statements": 50, "percent_covered": 0.0, "percent_covered_display": "0", "missing_lines": 50, "excluded_lines": 0, "percent_statements_covered": 0.0, "percent_statements_covered_display": "0"}, "missing_lines": [748, 750, 751, 752, 755, 756, 757, 759, 760, 762, 765, 766, 767, 769, 770, 772, 773, 774, 775, 776, 778, 781, 783, 784, 785, 787, 789, 790, 791, 793, 794, 795, 796, 797, 798, 800, 801, 803, 805, 808, 809, 810, 811, 813, 814, 815, 816, 818, 819, 821], "excluded_lines": [], "start_line": 746}, "ReportGenerator._write_log_analysis": {"executed_lines": [], "summary": {"covered_lines": 0, "num_statements": 75, "percent_covered": 0.0, "percent_covered_display": "0", "missing_lines": 75, "excluded_lines": 0, "percent_statements_covered": 0.0, "percent_statements_covered_display": "0"}, "missing_lines": [825, 827, 830, 831, 832, 833, 834, 835, 836, 837, 838, 841, 842, 844, 850, 853, 855, 856, 857, 860, 861, 863, 864, 865, 867, 868, 870, 872, 875, 876, 877, 878, 880, 881, 882, 883, 885, 888, 889, 890, 892, 894, 895, 897, 898, 900, 903, 904, 906, 908, 909, 913, 916, 917, 918, 920, 921, 922, 925, 926, 927, 928, 929, 930, 931, 932, 936, 939, 940, 941, 943, 944, 946, 947, 949], "excluded_lines": [], "start_line": 823}, "ReportGenerator._write_recent_changes": {"executed_lines": [], "summary": {"covered_lines": 0, "num_statements": 24, "percent_covered": 0.0, "percent_covered_display": "0", "missing_lines": 24, "excluded_lines": 0, "percent_statements_covered": 0.0, "percent_statements_covered_display": "0"}, "missing_lines": [953, 955, 956, 957, 959, 962, 963, 964, 965, 967, 968, 969, 971, 974, 975, 977, 978, 980, 981, 982, 983, 984, 986, 988], "excluded_lines": [], "start_line": 951}, "ReportGenerator._write_quick_reference": {"executed_lines": [], "summary": {"covered_lines": 0, "num_statements": 73, "percent_covered": 0.0, "percent_covered_display": "0", "missing_lines": 73, "excluded_lines": 0, "percent_statements_covered": 0.0, "percent_statements_covered_display": "0"}, "missing_lines": [992, 994, 995, 996, 997, 1000, 1001, 1002, 1003, 1005, 1006, 1007, 1008, 1009, 1010, 1011, 1012, 1013, 1014, 1017, 1019, 1020, 1021, 1022, 1024, 1025, 1027, 1029, 1034, 1040, 1041, 1042, 1043, 1045, 1047, 1049, 1052, 1054, 1055, 1056, 1057, 1058, 1060, 1061, 1063, 1064, 1065, 1068, 1069, 1070, 1072, 1075, 1077, 1079, 1080, 1082, 1083, 1085, 1088, 1089, 1090, 1091, 1092, 1094, 1095, 1096, 1097, 1099, 1100, 1102, 1105, 1106, 1109], "excluded_lines": [], "start_line": 990}, "": {"executed_lines": [3, 5, 6, 7, 10, 12, 13, 26, 29, 45, 66, 75, 166, 269, 358, 463, 559, 641, 692, 746, 823, 951, 990], "summary": {"covered_lines": 23, "num_statements": 23, "percent_covered": 100.0, "percent_covered_display": "100", "missing_lines": 0, "excluded_lines": 2, "percent_statements_covered": 100.0, "percent_statements_covered_display": "100"}, "missing_lines": [], "excluded_lines": [15, 16], "start_line": 1}}, "classes": {"ReportGenerator": {"executed_lines": [], "summary": {"covered_lines": 0, "num_statements": 657, "percent_covered": 0.0, "percent_covered_display": "0", "missing_lines": 657, "excluded_lines": 0, "percent_statements_covered": 0.0, "percent_statements_covered_display": "0"}, "missing_lines": [38, 39, 40, 41, 42, 43, 47, 49, 50, 51, 52, 53, 54, 55, 56, 57, 58, 59, 60, 61, 62, 64, 68, 69, 70, 71, 72, 73, 77, 79, 80, 86, 87, 88, 89, 90, 91, 92, 93, 94, 95, 96, 97, 98, 101, 102, 104, 105, 106, 107, 109, 110, 111, 112, 114, 115, 116, 117, 119, 120, 121, 122, 124, 125, 127, 128, 129, 130, 133, 134, 135, 136, 137, 140, 141, 144, 145, 149, 150, 151, 153, 154, 156, 157, 158, 159, 160, 162, 164, 168, 171, 172, 177, 178, 179, 180, 182, 184, 185, 186, 187, 188, 189, 190, 192, 193, 194, 195, 196, 197, 198, 199, 200, 201, 203, 204, 206, 209, 211, 215, 216, 217, 218, 219, 220, 222, 223, 225, 226, 228, 229, 230, 231, 233, 234, 235, 237, 242, 243, 244, 245, 246, 247, 248, 249, 251, 254, 255, 256, 257, 258, 259, 260, 261, 262, 263, 264, 265, 266, 267, 271, 274, 276, 277, 278, 279, 280, 282, 292, 293, 295, 296, 297, 298, 300, 301, 303, 305, 307, 308, 310, 314, 317, 319, 321, 322, 323, 324, 326, 327, 329, 331, 332, 333, 334, 336, 338, 339, 341, 344, 345, 346, 347, 349, 350, 352, 356, 360, 363, 371, 372, 374, 375, 377, 378, 379, 381, 382, 383, 385, 390, 391, 393, 394, 396, 399, 400, 401, 403, 404, 405, 406, 407, 408, 409, 411, 415, 418, 419, 420, 421, 423, 425, 426, 428, 429, 431, 432, 433, 435, 437, 438, 445, 447, 448, 449, 451, 453, 454, 457, 458, 459, 460, 461, 465, 468, 469, 470, 471, 473, 474, 475, 476, 477, 478, 479, 480, 483, 485, 486, 487, 489, 490, 491, 492, 493, 494, 495, 496, 497, 499, 500, 502, 505, 506, 507, 515, 516, 519, 520, 521, 522, 523, 524, 525, 528, 529, 530, 531, 532, 533, 534, 537, 538, 540, 541, 543, 544, 545, 546, 547, 548, 549, 550, 551, 553, 557, 561, 562, 565, 567, 573, 574, 576, 577, 578, 580, 581, 582, 584, 585, 586, 588, 589, 590, 592, 593, 596, 597, 598, 604, 605, 607, 609, 610, 611, 613, 619, 620, 621, 622, 623, 624, 625, 629, 631, 634, 635, 636, 637, 638, 639, 643, 645, 646, 647, 649, 653, 654, 656, 662, 663, 664, 665, 666, 668, 670, 672, 675, 676, 678, 679, 681, 682, 683, 684, 685, 686, 688, 690, 694, 696, 697, 698, 700, 703, 704, 705, 706, 707, 710, 711, 712, 714, 715, 717, 718, 720, 721, 722, 723, 724, 725, 726, 727, 728, 730, 734, 735, 737, 740, 741, 742, 743, 744, 748, 750, 751, 752, 755, 756, 757, 759, 760, 762, 765, 766, 767, 769, 770, 772, 773, 774, 775, 776, 778, 781, 783, 784, 785, 787, 789, 790, 791, 793, 794, 795, 796, 797, 798, 800, 801, 803, 805, 808, 809, 810, 811, 813, 814, 815, 816, 818, 819, 821, 825, 827, 830, 831, 832, 833, 834, 835, 836, 837, 838, 841, 842, 844, 850, 853, 855, 856, 857, 860, 861, 863, 864, 865, 867, 868, 870, 872, 875, 876, 877, 878, 880, 881, 882, 883, 885, 888, 889, 890, 892, 894, 895, 897, 898, 900, 903, 904, 906, 908, 909, 913, 916, 917, 918, 920, 921, 922, 925, 926, 927, 928, 929, 930, 931, 932, 936, 939, 940, 941, 943, 944, 946, 947, 949, 953, 955, 956, 957, 959, 962, 963, 964, 965, 967, 968, 969, 971, 974, 975, 977, 978, 980, 981, 982, 983, 984, 986, 988, 992, 994, 995, 996, 997, 1000, 1001, 1002, 1003, 1005, 1006, 1007, 1008, 1009, 1010, 1011, 1012, 1013, 1014, 1017, 1019, 1020, 1021, 1022, 1024, 1025, 1027, 1029, 1034, 1040, 1041, 1042, 1043, 1045, 1047, 1049, 1052, 1054, 1055, 1056, 1057, 1058, 1060, 1061, 1063, 1064, 1065, 1068, 1069, 1070, 1072, 1075, 1077, 1079, 1080, 1082, 1083, 1085, 1088, 1089, 1090, 1091, 1092, 1094, 1095, 1096, 1097, 1099, 1100, 1102, 1105, 1106, 1109], "excluded_lines": [], "start_line": 26}, "": {"executed_lines": [3, 5, 6, 7, 10, 12, 13, 26, 29, 45, 66, 75, 166, 269, 358, 463, 559, 641, 692, 746, 823, 951, 990], "summary": {"covered_lines": 23, "num_statements": 23, "percent_covered": 100.0, "percent_covered_display": "100", "missing_lines": 0, "excluded_lines": 2, "percent_statements_covered": 100.0, "percent_statements_covered_display": "100"}, "missing_lines": [], "excluded_lines": [15, 16], "start_line": 1}}}, "context_generator/utils.py": {"executed_lines": [3, 4, 5, 6, 7, 8, 10, 11, 13, 26, 27, 28, 31, 34, 35, 38, 67, 110, 123, 135, 146, 155, 166, 189, 213, 266, 331, 349], "summary": {"covered_lines": 28, "num_statements": 222, "percent_covered": 12.612612612612613, "percent_covered_display": "13", "missing_lines": 194, "excluded_lines": 0, "percent_statements_covered": 12.612612612612613, "percent_statements_covered_display": "13"}, "missing_lines": [45, 46, 49, 50, 51, 53, 54, 55, 56, 57, 58, 59, 60, 61, 62, 64, 74, 79, 80, 81, 82, 83, 84, 88, 90, 91, 93, 94, 98, 99, 100, 101, 102, 103, 104, 105, 107, 112, 113, 114, 115, 116, 117, 118, 119, 120, 128, 129, 130, 131, 132, 137, 138, 139, 140, 141, 142, 143, 148, 149, 150, 151, 152, 160, 161, 163, 174, 175, 176, 179, 180, 181, 182, 183, 184, 186, 194, 196, 197, 200, 203, 205, 208, 210, 218, 220, 221, 223, 224, 225, 226, 227, 228, 229, 230, 231, 232, 234, 235, 236, 237, 238, 239, 242, 247, 250, 252, 253, 254, 256, 258, 260, 261, 263, 272, 273, 275, 276, 278, 279, 281, 282, 283, 285, 286, 289, 290, 291, 292, 293, 294, 297, 298, 299, 302, 303, 304, 305, 306, 307, 308, 310, 311, 314, 315, 318, 319, 320, 321, 322, 325, 326, 328, 333, 335, 337, 338, 339, 340, 341, 342, 343, 344, 346, 354, 356, 358, 359, 360, 363, 364, 365, 366, 367, 368, 369, 372, 373, 374, 375, 378, 387, 388, 391, 392, 393, 394, 396, 397, 398, 400, 401, 402, 404], "excluded_lines": [], "functions": {"invalidate_registry_cache": {"executed_lines": [34, 35], "summary": {"covered_lines": 2, "num_statements": 2, "percent_covered": 100.0, "percent_covered_display": "100", "missing_lines": 0, "excluded_lines": 0, "percent_statements_covered": 100.0, "percent_statements_covered_display": "100"}, "missing_lines": [], "excluded_lines": [], "start_line": 31}, "load_registry": {"executed_lines": [], "summary": {"covered_lines": 0, "num_statements": 16, "percent_covered": 0.0, "percent_covered_display": "0", "missing_lines": 16, "excluded_lines": 0, "percent_statements_covered": 0.0, "percent_statements_covered_display": "0"}, "missing_lines": [45, 46, 49, 50, 51, 53, 54, 55, 56, 57, 58, 59, 60, 61, 62, 64], "excluded_lines": [], "start_line": 38}, "make_ha_request": {"executed_lines": [], "summary": {"covered_lines": 0, "num_statements": 21, "percent_covered": 0.0, "percent_covered_display": "0", "missing_lines": 21, "excluded_lines": 0, "percent_statements_covered": 0.0, "percent_statements_covered_display": "0"}, "missing_lines": [74, 79, 80, 81, 82, 83, 84, 88, 90, 91, 93, 94, 98, 99, 100, 101, 102, 103, 104, 105, 107], "excluded_lines": [], "start_line": 67}, "load_yaml_file": {"executed_lines": [], "summary": {"covered_lines": 0, "num_statements": 9, "percent_covered": 0.0, "percent_covered_display": "0", "missing_lines": 9, "excluded_lines": 0, "percent_statements_covered": 0.0, "percent_statements_covered_display": "0"}, "missing_lines": [112, 113, 114, 115, 116, 117, 118, 119, 120], "excluded_lines": [], "start_line": 110}, "validate_yaml_syntax": {"executed_lines": [], "summary": {"covered_lines": 0, "num_statements": 5, "percent_covered": 0.0, "percent_covered_display": "0", "missing_lines": 5, "excluded_lines": 0, "percent_statements_covered": 0.0, "percent_statements_covered_display": "0"}, "missing_lines": [128, 129, 130, 131, 132], "excluded_lines": [], "start_line": 123}, "is_ignorable_entity": {"executed_lines": [], "summary": {"covered_lines": 0, "num_statements": 7, "percent_covered": 0.0, "percent_covered_display": "0", "missing_lines": 7, "excluded_lines": 0, "percent_statements_covered": 0.0, "percent_statements_covered_display": "0"}, "missing_lines": [137, 138, 139, 140, 141, 142, 143], "excluded_lines": [], "start_line": 135}, "slugify": {"executed_lines": [], "summary": {"covered_lines": 0, "num_statements": 5, "percent_covered": 0.0, "percent_covered_display": "0", "missing_lines": 5, "excluded_lines": 0, "percent_statements_covered": 0.0, "percent_statements_covered_display": "0"}, "missing_lines": [148, 149, 150, 151, 152], "excluded_lines": [], "start_line": 146}, "get_best_name": {"executed_lines": [], "summary": {"covered_lines": 0, "num_statements": 3, "percent_covered": 0.0, "percent_covered_display": "0", "missing_lines": 3, "excluded_lines": 0, "percent_statements_covered": 0.0, "percent_statements_covered_display": "0"}, "missing_lines": [160, 161, 163], "excluded_lines": [], "start_line": 155}, "resolve_area_id": {"executed_lines": [], "summary": {"covered_lines": 0, "num_statements": 10, "percent_covered": 0.0, "percent_covered_display": "0", "missing_lines": 10, "excluded_lines": 0, "percent_statements_covered": 0.0, "percent_statements_covered_display": "0"}, "missing_lines": [174, 175, 176, 179, 180, 181, 182, 183, 184, 186], "excluded_lines": [], "start_line": 166}, "extract_entities_from_template": {"executed_lines": [], "summary": {"covered_lines": 0, "num_statements": 8, "percent_covered": 0.0, "percent_covered_display": "0", "missing_lines": 8, "excluded_lines": 0, "percent_statements_covered": 0.0, "percent_statements_covered_display": "0"}, "missing_lines": [194, 196, 197, 200, 203, 205, 208, 210], "excluded_lines": [], "start_line": 189}, "extract_entities_from_data": {"executed_lines": [], "summary": {"covered_lines": 0, "num_statements": 30, "percent_covered": 0.0, "percent_covered_display": "0", "missing_lines": 30, "excluded_lines": 0, "percent_statements_covered": 0.0, "percent_statements_covered_display": "0"}, "missing_lines": [218, 220, 221, 223, 224, 225, 226, 227, 228, 229, 230, 231, 232, 234, 235, 236, 237, 238, 239, 242, 247, 250, 252, 253, 254, 256, 258, 260, 261, 263], "excluded_lines": [], "start_line": 213}, "extract_trigger_info": {"executed_lines": [], "summary": {"covered_lines": 0, "num_statements": 39, "percent_covered": 0.0, "percent_covered_display": "0", "missing_lines": 39, "excluded_lines": 0, "percent_statements_covered": 0.0, "percent_statements_covered_display": "0"}, "missing_lines": [272, 273, 275, 276, 278, 279, 281, 282, 283, 285, 286, 289, 290, 291, 292, 293, 294, 297, 298, 299, 302, 303, 304, 305, 306, 307, 308, 310, 311, 314, 315, 318, 319, 320, 321, 322, 325, 326, 328], "excluded_lines": [], "start_line": 266}, "extract_services": {"executed_lines": [], "summary": {"covered_lines": 0, "num_statements": 11, "percent_covered": 0.0, "percent_covered_display": "0", "missing_lines": 11, "excluded_lines": 0, "percent_statements_covered": 0.0, "percent_statements_covered_display": "0"}, "missing_lines": [333, 335, 337, 338, 339, 340, 341, 342, 343, 344, 346], "excluded_lines": [], "start_line": 331}, "extract_controlled_entities": {"executed_lines": [], "summary": {"covered_lines": 0, "num_statements": 30, "percent_covered": 0.0, "percent_covered_display": "0", "missing_lines": 30, "excluded_lines": 0, "percent_statements_covered": 0.0, "percent_statements_covered_display": "0"}, "missing_lines": [354, 356, 358, 359, 360, 363, 364, 365, 366, 367, 368, 369, 372, 373, 374, 375, 378, 387, 388, 391, 392, 393, 394, 396, 397, 398, 400, 401, 402, 404], "excluded_lines": [], "start_line": 349}, "": {"executed_lines": [3, 4, 5, 6, 7, 8, 10, 11, 13, 26, 27, 28, 31, 38, 67, 110, 123, 135, 146, 155, 166, 189, 213, 266, 331, 349], "summary": {"covered_lines": 26, "num_statements": 26, "percent_covered": 100.0, "percent_covered_display": "100", "missing_lines": 0, "excluded_lines": 0, "percent_statements_covered": 100.0, "percent_statements_covered_display": "100"}, "missing_lines": [], "excluded_lines": [], "start_line": 1}}, "classes": {"": {"executed_lines": [3, 4, 5, 6, 7, 8, 10, 11, 13, 26, 27, 28, 31, 34, 35, 38, 67, 110, 123, 135, 146, 155, 166, 189, 213, 266, 331, 349], "summary": {"covered_lines": 28, "num_statements": 222, "percent_covered": 12.612612612612613, "percent_covered_display": "13", "missing_lines": 194, "excluded_lines": 0, "percent_statements_covered": 12.612612612612613, "percent_statements_covered_display": "13"}, "missing_lines": [45, 46, 49, 50, 51, 53, 54, 55, 56, 57, 58, 59, 60, 61, 62, 64, 74, 79, 80, 81, 82, 83, 84, 88, 90, 91, 93, 94, 98, 99, 100, 101, 102, 103, 104, 105, 107, 112, 113, 114, 115, 116, 117, 118, 119, 120, 128, 129, 130, 131, 132, 137, 138, 139, 140, 141, 142, 143, 148, 149, 150, 151, 152, 160, 161, 163, 174, 175, 176, 179, 180, 181, 182, 183, 184, 186, 194, 196, 197, 200, 203, 205, 208, 210, 218, 220, 221, 223, 224, 225, 226, 227, 228, 229, 230, 231, 232, 234, 235, 236, 237, 238, 239, 242, 247, 250, 252, 253, 254, 256, 258, 260, 261, 263, 272, 273, 275, 276, 278, 279, 281, 282, 283, 285, 286, 289, 290, 291, 292, 293, 294, 297, 298, 299, 302, 303, 304, 305, 306, 307, 308, 310, 311, 314, 315, 318, 319, 320, 321, 322, 325, 326, 328, 333, 335, 337, 338, 339, 340, 341, 342, 343, 344, 346, 354, 356, 358, 359, 360, 363, 364, 365, 366, 367, 368, 369, 372, 373, 374, 375, 378, 387, 388, 391, 392, 393, 394, 396, 397, 398, 400, 401, 402, 404], "excluded_lines": [], "start_line": 1}}}, "server.py": {"executed_lines": [12, 13, 14, 15, 16, 17, 18, 19, 20, 21, 23, 24, 25, 26, 27, 28, 29, 30, 31, 32, 33, 34, 35, 36, 37, 38, 39, 40, 41, 42, 45, 46, 52, 55, 56, 66, 70, 82, 83, 84, 85, 90, 97, 98, 99, 101, 102, 111, 117, 119, 121, 123, 125, 127, 129, 131, 133, 135, 137, 139, 141, 142, 143, 147, 149, 151, 153, 155, 157, 159, 161, 169, 171, 172, 174, 175, 176, 177, 183, 185, 188, 190, 193, 200, 202, 212, 241, 270, 272, 273, 274, 275, 276, 277, 279, 280, 294, 295, 296, 297, 298, 299, 300, 303, 304, 312, 313, 315, 316, 317, 323, 325, 326, 327, 337, 338, 339, 348, 349, 353, 354, 355, 359, 361, 362, 381, 384, 385, 394, 395, 396, 402, 403, 404, 406, 407, 408, 415, 424, 425, 426, 427, 428, 430, 435, 437, 448, 450, 461, 463, 464, 465, 473, 474, 483, 484, 485, 486, 487, 488, 497, 511, 513, 535, 536, 537, 554, 555, 556, 557, 561, 572, 585, 597, 606, 609, 622], "summary": {"covered_lines": 177, "num_statements": 267, "percent_covered": 66.29213483146067, "percent_covered_display": "66", "missing_lines": 90, "excluded_lines": 0, "percent_statements_covered": 66.29213483146067, "percent_statements_covered_display": "66"}, "missing_lines": [57, 58, 59, 60, 61, 63, 64, 67, 72, 73, 74, 75, 145, 173, 178, 179, 180, 215, 216, 218, 225, 226, 227, 228, 229, 230, 231, 232, 233, 243, 244, 245, 247, 248, 254, 255, 258, 259, 260, 261, 262, 301, 302, 318, 319, 320, 321, 340, 341, 343, 351, 356, 357, 370, 371, 397, 398, 399, 400, 416, 502, 503, 558, 559, 611, 613, 614, 615, 624, 625, 626, 629, 630, 632, 633, 634, 635, 636, 637, 638, 641, 642, 644, 645, 646, 647, 648, 649, 652, 653], "excluded_lines": [], "functions": {"HealthHandler.do_GET": {"executed_lines": [], "summary": {"covered_lines": 0, "num_statements": 7, "percent_covered": 0.0, "percent_covered_display": "0", "missing_lines": 7, "excluded_lines": 0, "percent_statements_covered": 0.0, "percent_statements_covered_display": "0"}, "missing_lines": [57, 58, 59, 60, 61, 63, 64], "excluded_lines": [], "start_line": 56}, "HealthHandler.log_message": {"executed_lines": [], "summary": {"covered_lines": 0, "num_statements": 1, "percent_covered": 0.0, "percent_covered_display": "0", "missing_lines": 1, "excluded_lines": 0, "percent_statements_covered": 0.0, "percent_statements_covered_display": "0"}, "missing_lines": [67], "excluded_lines": [], "start_line": 66}, "start_health_server": {"executed_lines": [], "summary": {"covered_lines": 0, "num_statements": 4, "percent_covered": 0.0, "percent_covered_display": "0", "missing_lines": 4, "excluded_lines": 0, "percent_statements_covered": 0.0, "percent_statements_covered_display": "0"}, "missing_lines": [72, 73, 74, 75], "excluded_lines": [], "start_line": 70}, "get_all_tools": {"executed_lines": [171, 172, 174, 175, 176, 177], "summary": {"covered_lines": 6, "num_statements": 10, "percent_covered": 60.0, "percent_covered_display": "60", "missing_lines": 4, "excluded_lines": 0, "percent_statements_covered": 60.0, "percent_statements_covered_display": "60"}, "missing_lines": [173, 178, 179, 180], "excluded_lines": [], "start_line": 169}, "get_tool": {"executed_lines": [185], "summary": {"covered_lines": 1, "num_statements": 1, "percent_covered": 100.0, "percent_covered_display": "100", "missing_lines": 0, "excluded_lines": 0, "percent_statements_covered": 100.0, "percent_statements_covered_display": "100"}, "missing_lines": [], "excluded_lines": [], "start_line": 183}, "get_tool_count": {"executed_lines": [190], "summary": {"covered_lines": 1, "num_statements": 1, "percent_covered": 100.0, "percent_covered_display": "100", "missing_lines": 0, "excluded_lines": 0, "percent_statements_covered": 100.0, "percent_statements_covered_display": "100"}, "missing_lines": [], "excluded_lines": [], "start_line": 188}, "_run_context_generation": {"executed_lines": [], "summary": {"covered_lines": 0, "num_statements": 12, "percent_covered": 0.0, "percent_covered_display": "0", "missing_lines": 12, "excluded_lines": 0, "percent_statements_covered": 0.0, "percent_statements_covered_display": "0"}, "missing_lines": [215, 216, 218, 225, 226, 227, 228, 229, 230, 231, 232, 233], "excluded_lines": [], "start_line": 212}, "run_startup_tests": {"executed_lines": [], "summary": {"covered_lines": 0, "num_statements": 12, "percent_covered": 0.0, "percent_covered_display": "0", "missing_lines": 12, "excluded_lines": 0, "percent_statements_covered": 0.0, "percent_statements_covered_display": "0"}, "missing_lines": [243, 244, 245, 247, 248, 254, 255, 258, 259, 260, 261, 262], "excluded_lines": [], "start_line": 241}, "create_rest_app": {"executed_lines": [272, 273, 274, 275, 276, 277, 279, 294, 312, 381, 448, 461, 511, 535, 585, 597, 606], "summary": {"covered_lines": 17, "num_statements": 17, "percent_covered": 100.0, "percent_covered_display": "100", "missing_lines": 0, "excluded_lines": 0, "percent_statements_covered": 100.0, "percent_statements_covered_display": "100"}, "missing_lines": [], "excluded_lines": [], "start_line": 270}, "create_rest_app.health": {"executed_lines": [280], "summary": {"covered_lines": 1, "num_statements": 1, "percent_covered": 100.0, "percent_covered_display": "100", "missing_lines": 0, "excluded_lines": 0, "percent_statements_covered": 100.0, "percent_statements_covered_display": "100"}, "missing_lines": [], "excluded_lines": [], "start_line": 279}, "create_rest_app.list_tools_endpoint": {"executed_lines": [295, 296, 297, 298, 299, 300, 303, 304], "summary": {"covered_lines": 8, "num_statements": 10, "percent_covered": 80.0, "percent_covered_display": "80", "missing_lines": 2, "excluded_lines": 0, "percent_statements_covered": 80.0, "percent_statements_covered_display": "80"}, "missing_lines": [301, 302], "excluded_lines": [], "start_line": 294}, "create_rest_app.call_tool_endpoint": {"executed_lines": [313, 315, 316, 317, 323, 325, 326, 327, 337, 338, 339, 348, 349, 353, 354, 355, 359, 361, 362], "summary": {"covered_lines": 19, "num_statements": 31, "percent_covered": 61.29032258064516, "percent_covered_display": "61", "missing_lines": 12, "excluded_lines": 0, "percent_statements_covered": 61.29032258064516, "percent_statements_covered_display": "61"}, "missing_lines": [318, 319, 320, 321, 340, 341, 343, 351, 356, 357, 370, 371], "excluded_lines": [], "start_line": 312}, "create_rest_app.context_generate": {"executed_lines": [384, 385, 394, 395, 396, 402, 403, 404, 406, 407, 408, 415, 424, 425, 426, 427, 428, 430, 435, 437], "summary": {"covered_lines": 20, "num_statements": 25, "percent_covered": 80.0, "percent_covered_display": "80", "missing_lines": 5, "excluded_lines": 0, "percent_statements_covered": 80.0, "percent_statements_covered_display": "80"}, "missing_lines": [397, 398, 399, 400, 416], "excluded_lines": [], "start_line": 381}, "create_rest_app.context_status": {"executed_lines": [450], "summary": {"covered_lines": 1, "num_statements": 1, "percent_covered": 100.0, "percent_covered_display": "100", "missing_lines": 0, "excluded_lines": 0, "percent_statements_covered": 100.0, "percent_statements_covered_display": "100"}, "missing_lines": [], "excluded_lines": [], "start_line": 448}, "create_rest_app.context_download": {"executed_lines": [463, 464, 465, 473, 474, 483, 484, 485, 486, 487, 488, 497], "summary": {"covered_lines": 12, "num_statements": 14, "percent_covered": 85.71428571428571, "percent_covered_display": "86", "missing_lines": 2, "excluded_lines": 0, "percent_statements_covered": 85.71428571428571, "percent_statements_covered_display": "86"}, "missing_lines": [502, 503], "excluded_lines": [], "start_line": 461}, "create_rest_app.context_modes": {"executed_lines": [513], "summary": {"covered_lines": 1, "num_statements": 1, "percent_covered": 100.0, "percent_covered_display": "100", "missing_lines": 0, "excluded_lines": 0, "percent_statements_covered": 100.0, "percent_statements_covered_display": "100"}, "missing_lines": [], "excluded_lines": [], "start_line": 511}, "create_rest_app.openapi_schema": {"executed_lines": [536, 537, 554, 555, 556, 557, 561, 572], "summary": {"covered_lines": 8, "num_statements": 10, "percent_covered": 80.0, "percent_covered_display": "80", "missing_lines": 2, "excluded_lines": 0, "percent_statements_covered": 80.0, "percent_statements_covered_display": "80"}, "missing_lines": [558, 559], "excluded_lines": [], "start_line": 535}, "run_rest_api": {"executed_lines": [], "summary": {"covered_lines": 0, "num_statements": 4, "percent_covered": 0.0, "percent_covered_display": "0", "missing_lines": 4, "excluded_
[...]
 "percent_covered_display": "81", "missing_lines": 11, "excluded_lines": 0, "percent_statements_covered": 81.35593220338983, "percent_statements_covered_display": "81"}, "missing_lines": [529, 545, 546, 548, 560, 565, 566, 569, 575, 579, 580], "excluded_lines": [], "start_line": 432}, "register_storage_tools.get_history_stats": {"executed_lines": [597, 598, 601, 603, 604, 606, 607, 610, 611, 613, 616, 618, 619, 629, 631, 632, 633, 644], "summary": {"covered_lines": 18, "num_statements": 20, "percent_covered": 90.0, "percent_covered_display": "90", "missing_lines": 2, "excluded_lines": 0, "percent_statements_covered": 90.0, "percent_statements_covered_display": "90"}, "missing_lines": [608, 614], "excluded_lines": [], "start_line": 583}, "register_storage_tools.get_entity_registry": {"executed_lines": [660, 663, 664, 665, 678], "summary": {"covered_lines": 5, "num_statements": 5, "percent_covered": 100.0, "percent_covered_display": "100", "missing_lines": 0, "excluded_lines": 0, "percent_statements_covered": 100.0, "percent_statements_covered_display": "100"}, "missing_lines": [], "excluded_lines": [], "start_line": 653}, "register_storage_tools.get_device_registry": {"executed_lines": [690, 691, 692, 693, 705], "summary": {"covered_lines": 5, "num_statements": 5, "percent_covered": 100.0, "percent_covered_display": "100", "missing_lines": 0, "excluded_lines": 0, "percent_statements_covered": 100.0, "percent_statements_covered_display": "100"}, "missing_lines": [], "excluded_lines": [], "start_line": 685}, "register_storage_tools.get_area_registry": {"executed_lines": [717, 718], "summary": {"covered_lines": 2, "num_statements": 2, "percent_covered": 100.0, "percent_covered_display": "100", "missing_lines": 0, "excluded_lines": 0, "percent_statements_covered": 100.0, "percent_statements_covered_display": "100"}, "missing_lines": [], "excluded_lines": [], "start_line": 712}, "register_storage_tools.get_config_entries": {"executed_lines": [726, 727, 728, 729, 740], "summary": {"covered_lines": 5, "num_statements": 5, "percent_covered": 100.0, "percent_covered_display": "100", "missing_lines": 0, "excluded_lines": 0, "percent_statements_covered": 100.0, "percent_statements_covered_display": "100"}, "missing_lines": [], "excluded_lines": [], "start_line": 721}, "register_storage_tools.get_lovelace_dashboards": {"executed_lines": [], "summary": {"covered_lines": 0, "num_statements": 2, "percent_covered": 0.0, "percent_covered_display": "0", "missing_lines": 2, "excluded_lines": 0, "percent_statements_covered": 0.0, "percent_statements_covered_display": "0"}, "missing_lines": [751, 752], "excluded_lines": [], "start_line": 747}, "register_storage_tools.get_lovelace_config": {"executed_lines": [], "summary": {"covered_lines": 0, "num_statements": 5, "percent_covered": 0.0, "percent_covered_display": "0", "missing_lines": 5, "excluded_lines": 0, "percent_statements_covered": 0.0, "percent_statements_covered_display": "0"}, "missing_lines": [766, 767, 768, 769, 770], "excluded_lines": [], "start_line": 759}, "register_storage_tools.get_exposed_entities": {"executed_lines": [], "summary": {"covered_lines": 0, "num_statements": 2, "percent_covered": 0.0, "percent_covered_display": "0", "missing_lines": 2, "excluded_lines": 0, "percent_statements_covered": 0.0, "percent_statements_covered_display": "0"}, "missing_lines": [777, 780], "excluded_lines": [], "start_line": 773}, "register_storage_tools.get_persons": {"executed_lines": [], "summary": {"covered_lines": 0, "num_statements": 2, "percent_covered": 0.0, "percent_covered_display": "0", "missing_lines": 2, "excluded_lines": 0, "percent_statements_covered": 0.0, "percent_statements_covered_display": "0"}, "missing_lines": [789, 790], "excluded_lines": [], "start_line": 785}, "register_storage_tools.get_zones": {"executed_lines": [], "summary": {"covered_lines": 0, "num_statements": 2, "percent_covered": 0.0, "percent_covered_display": "0", "missing_lines": 2, "excluded_lines": 0, "percent_statements_covered": 0.0, "percent_statements_covered_display": "0"}, "missing_lines": [799, 800], "excluded_lines": [], "start_line": 795}, "register_storage_tools.get_input_helpers": {"executed_lines": [], "summary": {"covered_lines": 0, "num_statements": 7, "percent_covered": 0.0, "percent_covered_display": "0", "missing_lines": 7, "excluded_lines": 0, "percent_statements_covered": 0.0, "percent_statements_covered_display": "0"}, "missing_lines": [807, 808, 817, 818, 819, 820, 822], "excluded_lines": [], "start_line": 803}, "register_storage_tools.get_hacs_data": {"executed_lines": [], "summary": {"covered_lines": 0, "num_statements": 4, "percent_covered": 0.0, "percent_covered_display": "0", "missing_lines": 4, "excluded_lines": 0, "percent_statements_covered": 0.0, "percent_statements_covered_display": "0"}, "missing_lines": [830, 831, 832, 833], "excluded_lines": [], "start_line": 825}, "register_storage_tools.get_timers": {"executed_lines": [], "summary": {"covered_lines": 0, "num_statements": 2, "percent_covered": 0.0, "percent_covered_display": "0", "missing_lines": 2, "excluded_lines": 0, "percent_statements_covered": 0.0, "percent_statements_covered_display": "0"}, "missing_lines": [840, 841], "excluded_lines": [], "start_line": 836}, "register_storage_tools.get_counters": {"executed_lines": [], "summary": {"covered_lines": 0, "num_statements": 2, "percent_covered": 0.0, "percent_covered_display": "0", "missing_lines": 2, "excluded_lines": 0, "percent_statements_covered": 0.0, "percent_statements_covered_display": "0"}, "missing_lines": [848, 849], "excluded_lines": [], "start_line": 844}, "register_storage_tools.get_template_entities": {"executed_lines": [], "summary": {"covered_lines": 0, "num_statements": 12, "percent_covered": 0.0, "percent_covered_display": "0", "missing_lines": 12, "excluded_lines": 0, "percent_statements_covered": 0.0, "percent_statements_covered_display": "0"}, "missing_lines": [864, 865, 867, 874, 875, 876, 878, 879, 880, 882, 901, 903], "excluded_lines": [], "start_line": 856}, "register_storage_tools.get_template_entities.slugify": {"executed_lines": [], "summary": {"covered_lines": 0, "num_statements": 5, "percent_covered": 0.0, "percent_covered_display": "0", "missing_lines": 5, "excluded_lines": 0, "percent_statements_covered": 0.0, "percent_statements_covered_display": "0"}, "missing_lines": [868, 869, 870, 871, 872], "excluded_lines": [], "start_line": 867}, "register_storage_tools.search_entity_by_name": {"executed_lines": [], "summary": {"covered_lines": 0, "num_statements": 1, "percent_covered": 0.0, "percent_covered_display": "0", "missing_lines": 1, "excluded_lines": 0, "percent_statements_covered": 0.0, "percent_statements_covered_display": "0"}, "missing_lines": [923], "excluded_lines": [], "start_line": 914}, "register_storage_tools.get_entity_details": {"executed_lines": [], "summary": {"covered_lines": 0, "num_statements": 1, "percent_covered": 0.0, "percent_covered_display": "0", "missing_lines": 1, "excluded_lines": 0, "percent_statements_covered": 0.0, "percent_statements_covered_display": "0"}, "missing_lines": [936], "excluded_lines": [], "start_line": 926}, "": {"executed_lines": [13, 14, 15, 16, 17, 18, 20, 23], "summary": {"covered_lines": 8, "num_statements": 8, "percent_covered": 100.0, "percent_covered_display": "100", "missing_lines": 0, "excluded_lines": 0, "percent_statements_covered": 100.0, "percent_statements_covered_display": "100"}, "missing_lines": [], "excluded_lines": [], "start_line": 1}}, "classes": {"": {"executed_lines": [13, 14, 15, 16, 17, 18, 20, 23, 32, 33, 67, 69, 74, 79, 84, 85, 88, 89, 91, 93, 94, 97, 100, 104, 106, 107, 109, 113, 114, 115, 116, 119, 131, 132, 133, 134, 141, 142, 143, 148, 151, 152, 153, 154, 156, 157, 158, 159, 160, 167, 168, 169, 170, 171, 172, 174, 186, 187, 188, 189, 190, 194, 195, 196, 198, 225, 226, 248, 250, 255, 260, 263, 268, 270, 271, 279, 303, 304, 305, 306, 307, 330, 331, 336, 343, 344, 345, 346, 347, 358, 359, 370, 371, 373, 374, 375, 376, 379, 380, 381, 382, 391, 392, 400, 401, 416, 420, 423, 424, 426, 431, 432, 452, 454, 457, 462, 469, 478, 479, 480, 489, 491, 502, 503, 506, 507, 508, 509, 510, 511, 514, 515, 516, 521, 522, 523, 524, 526, 527, 528, 531, 532, 533, 535, 541, 544, 547, 551, 552, 553, 554, 557, 558, 559, 562, 563, 564, 568, 574, 577, 582, 583, 597, 598, 601, 603, 604, 606, 607, 610, 611, 613, 616, 618, 619, 629, 631, 632, 633, 644, 652, 653, 660, 663, 664, 665, 678, 684, 685, 690, 691, 692, 693, 705, 711, 712, 717, 718, 720, 721, 726, 727, 728, 729, 740, 746, 747, 758, 759, 772, 773, 784, 785, 794, 795, 802, 803, 824, 825, 835, 836, 843, 844, 855, 856, 913, 914, 925, 926], "summary": {"covered_lines": 229, "num_statements": 312, "percent_covered": 73.3974358974359, "percent_covered_display": "73", "missing_lines": 83, "excluded_lines": 0, "percent_statements_covered": 73.3974358974359, "percent_statements_covered_display": "73"}, "missing_lines": [98, 101, 110, 175, 191, 222, 223, 332, 333, 337, 338, 340, 360, 383, 393, 402, 406, 407, 417, 418, 421, 428, 429, 529, 545, 546, 548, 560, 565, 566, 569, 575, 579, 580, 608, 614, 751, 752, 766, 767, 768, 769, 770, 777, 780, 789, 790, 799, 800, 807, 808, 817, 818, 819, 820, 822, 830, 831, 832, 833, 840, 841, 848, 849, 864, 865, 867, 868, 869, 870, 871, 872, 874, 875, 876, 878, 879, 880, 882, 901, 903, 923, 936], "excluded_lines": [], "start_line": 1}}}, "tools/utils.py": {"executed_lines": [19, 20, 21, 22, 23, 24, 25, 27, 33, 34, 36, 42, 49, 56, 74, 84, 85, 86, 89, 95, 96, 97, 112, 128, 129, 134, 136, 137, 138, 139, 141, 143, 145, 146, 147, 148, 150, 151, 152, 153, 155, 163, 174, 175, 176, 178, 179, 181, 182, 183, 184, 185, 187, 189, 190, 191, 192, 194, 195, 197, 198, 206, 217, 218, 220, 221, 222, 223, 224, 225, 228, 229, 232, 234, 237, 239, 242, 244, 247, 249, 257, 263, 264, 266, 267, 273, 274, 275, 276, 284, 290, 291, 292, 295, 297, 298, 299, 300, 301, 302, 305, 307, 317, 318, 324, 325, 326], "summary": {"covered_lines": 107, "num_statements": 112, "percent_covered": 95.53571428571429, "percent_covered_display": "96", "missing_lines": 5, "excluded_lines": 0, "percent_statements_covered": 95.53571428571429, "percent_statements_covered_display": "96"}, "missing_lines": [200, 201, 202, 203, 226], "excluded_lines": [], "functions": {"sanitize_log_line": {"executed_lines": [84, 85, 86], "summary": {"covered_lines": 3, "num_statements": 3, "percent_covered": 100.0, "percent_covered_display": "100", "missing_lines": 0, "excluded_lines": 0, "percent_statements_covered": 100.0, "percent_statements_covered_display": "100"}, "missing_lines": [], "excluded_lines": [], "start_line": 74}, "get_registry_cache_stats": {"executed_lines": [95, 96, 97], "summary": {"covered_lines": 3, "num_statements": 3, "percent_covered": 100.0, "percent_covered_display": "100", "missing_lines": 0, "excluded_lines": 0, "percent_statements_covered": 100.0, "percent_statements_covered_display": "100"}, "missing_lines": [], "excluded_lines": [], "start_line": 89}, "make_ha_request": {"executed_lines": [128, 129, 134, 136, 137, 138, 139, 141, 143, 145, 146, 147, 148, 150, 151, 152, 153, 155], "summary": {"covered_lines": 18, "num_statements": 18, "percent_covered": 100.0, "percent_covered_display": "100", "missing_lines": 0, "excluded_lines": 0, "percent_statements_covered": 100.0, "percent_statements_covered_display": "100"}, "missing_lines": [], "excluded_lines": [], "start_line": 112}, "load_registry": {"executed_lines": [174, 175, 176, 178, 179, 181, 182, 183, 184, 185, 187, 189, 190, 191, 192, 194, 195, 197, 198], "summary": {"covered_lines": 19, "num_statements": 23, "percent_covered": 82.6086956521739, "percent_covered_display": "83", "missing_lines": 4, "excluded_lines": 0, "percent_statements_covered": 82.6086956521739, "percent_statements_covered_display": "83"}, "missing_lines": [200, 201, 202, 203], "excluded_lines": [], "start_line": 163}, "invalidate_registry_cache": {"executed_lines": [217, 218, 220, 221, 222, 223, 224, 225, 228, 229], "summary": {"covered_lines": 10, "num_statements": 11, "percent_covered": 90.9090909090909, "percent_covered_display": "91", "missing_lines": 1, "excluded_lines": 0, "percent_statements_covered": 90.9090909090909, "percent_statements_covered_display": "91"}, "missing_lines": [226], "excluded_lines": [], "start_line": 206}, "get_registry_entities": {"executed_lines": [234], "summary": {"covered_lines": 1, "num_statements": 1, "percent_covered": 100.0, "percent_covered_display": "100", "missing_lines": 0, "excluded_lines": 0, "percent_statements_covered": 100.0, "percent_statements_covered_display": "100"}, "missing_lines": [], "excluded_lines": [], "start_line": 232}, "get_registry_devices": {"executed_lines": [239], "summary": {"covered_lines": 1, "num_statements": 1, "percent_covered": 100.0, "percent_covered_display": "100", "missing_lines": 0, "excluded_lines": 0, "percent_statements_covered": 100.0, "percent_statements_covered_display": "100"}, "missing_lines": [], "excluded_lines": [], "start_line": 237}, "get_registry_areas": {"executed_lines": [244], "summary": {"covered_lines": 1, "num_statements": 1, "percent_covered": 100.0, "percent_covered_display": "100", "missing_lines": 0, "excluded_lines": 0, "percent_statements_covered": 100.0, "percent_statements_covered_display": "100"}, "missing_lines": [], "excluded_lines": [], "start_line": 242}, "get_registry_config_entries": {"executed_lines": [249], "summary": {"covered_lines": 1, "num_statements": 1, "percent_covered": 100.0, "percent_covered_display": "100", "missing_lines": 0, "excluded_lines": 0, "percent_statements_covered": 100.0, "percent_statements_covered_display": "100"}, "missing_lines": [], "excluded_lines": [], "start_line": 247}, "tail_log_file": {"executed_lines": [263, 264, 266, 267, 273, 274, 275, 276], "summary": {"covered_lines": 8, "num_statements": 8, "percent_covered": 100.0, "percent_covered_display": "100", "missing_lines": 0, "excluded_lines": 0, "percent_statements_covered": 100.0, "percent_statements_covered_display": "100"}, "missing_lines": [], "excluded_lines": [], "start_line": 257}, "get_best_name": {"executed_lines": [290, 291, 292], "summary": {"covered_lines": 3, "num_statements": 3, "percent_covered": 100.0, "percent_covered_display": "100", "missing_lines": 0, "excluded_lines": 0, "percent_statements_covered": 100.0, "percent_statements_covered_display": "100"}, "missing_lines": [], "excluded_lines": [], "start_line": 284}, "resolve_area_id": {"executed_lines": [297, 298, 299, 300, 301, 302], "summary": {"covered_lines": 6, "num_statements": 6, "percent_covered": 100.0, "percent_covered_display": "100", "missing_lines": 0, "excluded_lines": 0, "percent_statements_covered": 100.0, "percent_statements_covered_display": "100"}, "missing_lines": [], "excluded_lines": [], "start_line": 295}, "sanitize_for_json": {"executed_lines": [307, 317, 318, 324, 325, 326], "summary": {"covered_lines": 6, "num_statements": 6, "percent_covered": 100.0, "percent_covered_display": "100", "missing_lines": 0, "excluded_lines": 0, "percent_statements_covered": 100.0, "percent_statements_covered_display": "100"}, "missing_lines": [], "excluded_lines": [], "start_line": 305}, "": {"executed_lines": [19, 20, 21, 22, 23, 24, 25, 27, 33, 34, 36, 42, 49, 56, 74, 89, 112, 163, 206, 232, 237, 242, 247, 257, 284, 295, 305], "summary": {"covered_lines": 27, "num_statements": 27, "percent_covered": 100.0, "percent_covered_display": "100", "missing_lines": 0, "excluded_lines": 0, "percent_statements_covered": 100.0, "percent_statements_covered_display": "100"}, "missing_lines": [], "excluded_lines": [], "start_line": 1}}, "classes": {"": {"executed_lines": [19, 20, 21, 22, 23, 24, 25, 27, 33, 34, 36, 42, 49, 56, 74, 84, 85, 86, 89, 95, 96, 97, 112, 128, 129, 134, 136, 137, 138, 139, 141, 143, 145, 146, 147, 148, 150, 151, 152, 153, 155, 163, 174, 175, 176, 178, 179, 181, 182, 183, 184, 185, 187, 189, 190, 191, 192, 194, 195, 197, 198, 206, 217, 218, 220, 221, 222, 223, 224, 225, 228, 229, 232, 234, 237, 239, 242, 244, 247, 249, 257, 263, 264, 266, 267, 273, 274, 275, 276, 284, 290, 291, 292, 295, 297, 298, 299, 300, 301, 302, 305, 307, 317, 318, 324, 325, 326], "summary": {"covered_lines": 107, "num_statements": 112, "percent_covered": 95.53571428571429, "percent_covered_display": "96", "missing_lines": 5, "excluded_lines": 0, "percent_statements_covered": 95.53571428571429, "percent_statements_covered_display": "96"}, "missing_lines": [200, 201, 202, 203, 226], "excluded_lines": [], "start_line": 1}}}, "tools/yaml_utils.py": {"executed_lines": [8, 10, 17, 25, 28, 30, 31, 32, 33, 34, 35, 36, 37, 38, 43, 55, 56, 66, 76, 77, 78, 79, 80, 81, 84, 94, 95, 96, 97, 98, 101, 113], "summary": {"covered_lines": 32, "num_statements": 33, "percent_covered": 96.96969696969697, "percent_covered_display": "97", "missing_lines": 1, "excluded_lines": 0, "percent_statements_covered": 96.96969696969697, "percent_statements_covered_display": "97"}, "missing_lines": [39], "excluded_lines": [], "functions": {"_ha_tag_constructor": {"executed_lines": [30, 31, 32, 33, 34, 35, 36, 37, 38], "summary": {"covered_lines": 9, "num_statements": 10, "percent_covered": 90.0, "percent_covered_display": "90", "missing_lines": 1, "excluded_lines": 0, "percent_statements_covered": 90.0, "percent_statements_covered_display": "90"}, "missing_lines": [39], "excluded_lines": [], "start_line": 28}, "load_yaml_file": {"executed_lines": [76, 77, 78, 79, 80, 81], "summary": {"covered_lines": 6, "num_statements": 6, "percent_covered": 100.0, "percent_covered_display": "100", "missing_lines": 0, "excluded_lines": 0, "percent_statements_covered": 100.0, "percent_statements_covered_display": "100"}, "missing_lines": [], "excluded_lines": [], "start_line": 66}, "parse_yaml_string": {"executed_lines": [94, 95, 96, 97, 98], "summary": {"covered_lines": 5, "num_statements": 5, "percent_covered": 100.0, "percent_covered_display": "100", "missing_lines": 0, "excluded_lines": 0, "percent_statements_covered": 100.0, "percent_statements_covered_display": "100"}, "missing_lines": [], "excluded_lines": [], "start_line": 84}, "dump_yaml": {"executed_lines": [113], "summary": {"covered_lines": 1, "num_statements": 1, "percent_covered": 100.0, "percent_covered_display": "100", "missing_lines": 0, "excluded_lines": 0, "percent_statements_covered": 100.0, "percent_statements_covered_display": "100"}, "missing_lines": [], "excluded_lines": [], "start_line": 101}, "": {"executed_lines": [8, 10, 17, 25, 28, 43, 55, 56, 66, 84, 101], "summary": {"covered_lines": 11, "num_statements": 11, "percent_covered": 100.0, "percent_covered_display": "100", "missing_lines": 0, "excluded_lines": 0, "percent_statements_covered": 100.0, "percent_statements_covered_display": "100"}, "missing_lines": [], "excluded_lines": [], "start_line": 1}}, "classes": {"HomeAssistantLoader": {"executed_lines": [], "summary": {"covered_lines": 0, "num_statements": 0, "percent_covered": 100.0, "percent_covered_display": "100", "missing_lines": 0, "excluded_lines": 0, "percent_statements_covered": 100.0, "percent_statements_covered_display": "100"}, "missing_lines": [], "excluded_lines": [], "start_line": 17}, "": {"executed_lines": [8, 10, 17, 25, 28, 30, 31, 32, 33, 34, 35, 36, 37, 38, 43, 55, 56, 66, 76, 77, 78, 79, 80, 81, 84, 94, 95, 96, 97, 98, 101, 113], "summary": {"covered_lines": 32, "num_statements": 33, "percent_covered": 96.96969696969697, "percent_covered_display": "97", "missing_lines": 1, "excluded_lines": 0, "percent_statements_covered": 96.96969696969697, "percent_statements_covered_display": "97"}, "missing_lines": [39], "excluded_lines": [], "start_line": 1}}}}, "totals": {"covered_lines": 9018, "num_statements": 13733, "percent_covered": 65.66664239423287, "percent_covered_display": "66", "missing_lines": 4715, "excluded_lines": 2, "percent_statements_covered": 65.66664239423287, "percent_statements_covered_display": "66"}}
